
Connecting to host 10.1.0.4, port 5201
[  5] local 10.0.0.4 port 41602 connected to 10.1.0.4 port 5201
[ ID] Interval           Transfer     Bitrate         Retr  Cwnd
[  5]   0.00-1.00   sec  62.2 MBytes   522 Mbits/sec  2438   8.36 MBytes       (omitted)
[  5]   0.00-1.00   sec   125 MBytes  1047 Mbits/sec    0   8.87 MBytes       
[  5]   1.00-2.00   sec  68.2 MBytes   573 Mbits/sec   22   6.48 MBytes       
[  5]   2.00-3.00   sec  90.0 MBytes   755 Mbits/sec    0   6.72 MBytes       
[  5]   3.00-4.00   sec  68.0 MBytes   570 Mbits/sec    0   6.92 MBytes       
[  5]   4.00-5.00   sec  88.1 MBytes   739 Mbits/sec    0   7.09 MBytes       
[  5]   5.00-6.00   sec  88.6 MBytes   743 Mbits/sec    0   7.23 MBytes       
[  5]   6.00-7.00   sec  87.4 MBytes   733 Mbits/sec    0   7.33 MBytes       
[  5]   7.00-8.00   sec  88.9 MBytes   746 Mbits/sec    0   7.42 MBytes       
[  5]   8.00-9.00   sec  90.5 MBytes   759 Mbits/sec    0   7.48 MBytes       
[  5]   9.00-10.00  sec  89.9 MBytes   754 Mbits/sec    0   7.52 MBytes       
[  5]  10.00-11.00  sec  90.4 MBytes   758 Mbits/sec    0   7.55 MBytes       
[  5]  11.00-12.00  sec  90.8 MBytes   761 Mbits/sec    0   7.57 MBytes       
[  5]  12.00-13.00  sec  90.1 MBytes   756 Mbits/sec    0   7.58 MBytes       
[  5]  13.00-14.00  sec  90.5 MBytes   759 Mbits/sec    0   7.58 MBytes       
[  5]  14.00-15.00  sec  88.5 MBytes   742 Mbits/sec    0   7.58 MBytes       
[  5]  15.00-16.00  sec  89.1 MBytes   748 Mbits/sec    0   7.58 MBytes       
[  5]  16.00-17.00  sec  91.4 MBytes   767 Mbits/sec    0   7.58 MBytes       
[  5]  17.00-18.00  sec  91.8 MBytes   770 Mbits/sec    0   7.60 MBytes       
[  5]  18.00-19.00  sec  91.8 MBytes   770 Mbits/sec    0   7.62 MBytes       
[  5]  19.00-20.00  sec  91.0 MBytes   763 Mbits/sec    0   7.66 MBytes       
[  5]  20.00-21.00  sec  91.5 MBytes   768 Mbits/sec    0   7.71 MBytes       
[  5]  21.00-22.00  sec  92.0 MBytes   772 Mbits/sec    0   7.78 MBytes       
[  5]  22.00-23.00  sec  89.2 MBytes   749 Mbits/sec    0   7.88 MBytes       
[  5]  23.00-24.00  sec  93.6 MBytes   785 Mbits/sec    0   8.00 MBytes       
[  5]  24.00-25.00  sec  95.1 MBytes   798 Mbits/sec    0   8.16 MBytes       
[  5]  25.00-26.00  sec   117 MBytes   981 Mbits/sec    0   8.34 MBytes       
[  5]  26.00-27.00  sec  93.9 MBytes   787 Mbits/sec    0   8.56 MBytes       
[  5]  27.00-28.00  sec  90.9 MBytes   762 Mbits/sec    0   8.82 MBytes       
[  5]  28.00-29.00  sec   114 MBytes   953 Mbits/sec    0   9.11 MBytes       
[  5]  29.00-30.00  sec   115 MBytes   962 Mbits/sec    0   9.45 MBytes       
- - - - - - - - - - - - - - - - - - - - - - - - -
[ ID] Interval           Transfer     Bitrate         Retr
[  5]   0.00-30.00  sec  2.72 GBytes   778 Mbits/sec   22             sender
[  5]   0.00-30.08  sec  2.72 GBytes   776 Mbits/sec                  receiver

iperf Done.
Connecting to host 10.1.0.4, port 5201
[  5] local 10.0.0.4 port 59492 connected to 10.1.0.4 port 5201
[ ID] Interval           Transfer     Bitrate         Retr  Cwnd
[  5]   0.00-1.00   sec  62.2 MBytes   522 Mbits/sec  2168   8.20 MBytes       (omitted)
[  5]   0.00-1.00   sec   120 MBytes  1006 Mbits/sec    0   8.75 MBytes       
[  5]   1.00-2.00   sec  92.1 MBytes   773 Mbits/sec    0   9.23 MBytes       
[  5]   2.00-3.00   sec   115 MBytes   968 Mbits/sec    0   9.66 MBytes       
[  5]   3.00-4.00   sec   114 MBytes   958 Mbits/sec    0   10.0 MBytes       
[  5]   4.00-5.00   sec   142 MBytes  1190 Mbits/sec    0   10.4 MBytes       
[  5]   5.00-6.00   sec   116 MBytes   971 Mbits/sec    0   10.7 MBytes       
[  5]   6.00-7.00   sec   129 MBytes  1082 Mbits/sec    0   10.9 MBytes       
[  5]   7.00-8.00   sec   132 MBytes  1104 Mbits/sec    0   11.1 MBytes       
[  5]   8.00-9.00   sec   134 MBytes  1124 Mbits/sec    0   11.3 MBytes       
[  5]   9.00-10.00  sec   136 MBytes  1140 Mbits/sec    0   11.4 MBytes       
[  5]  10.00-11.00  sec   138 MBytes  1153 Mbits/sec    0   11.5 MBytes       
[  5]  11.00-12.00  sec   138 MBytes  1162 Mbits/sec    0   11.6 MBytes       
[  5]  12.00-13.00  sec   139 MBytes  1168 Mbits/sec    0   11.7 MBytes       
[  5]  13.00-14.00  sec   137 MBytes  1152 Mbits/sec    0   11.7 MBytes       
[  5]  14.00-15.00  sec   133 MBytes  1114 Mbits/sec    0   11.7 MBytes       
[  5]  15.00-16.00  sec   139 MBytes  1164 Mbits/sec    0   11.8 MBytes       
[  5]  16.00-17.00  sec   136 MBytes  1138 Mbits/sec    0   11.8 MBytes       
[  5]  17.00-18.00  sec   140 MBytes  1174 Mbits/sec    0   11.8 MBytes       
[  5]  18.00-19.00  sec   136 MBytes  1143 Mbits/sec    0   11.8 MBytes       
[  5]  19.00-20.00  sec   134 MBytes  1120 Mbits/sec    0   11.8 MBytes       
[  5]  20.00-21.00  sec   155 MBytes  1300 Mbits/sec    0   11.8 MBytes       
[  5]  21.00-22.00  sec   133 MBytes  1118 Mbits/sec    0   11.8 MBytes       
[  5]  22.00-23.00  sec   154 MBytes  1296 Mbits/sec    0   11.8 MBytes       
[  5]  23.00-24.00  sec   135 MBytes  1136 Mbits/sec    0   11.8 MBytes       
[  5]  24.00-25.00  sec   133 MBytes  1119 Mbits/sec    0   11.9 MBytes       
[  5]  25.00-26.00  sec   142 MBytes  1189 Mbits/sec    0   12.0 MBytes       
[  5]  26.00-27.00  sec   135 MBytes  1130 Mbits/sec    0   12.1 MBytes       
[  5]  27.00-28.00  sec   159 MBytes  1331 Mbits/sec    0   12.2 MBytes       
[  5]  28.00-29.00  sec   133 MBytes  1114 Mbits/sec    0   12.3 MBytes       
[  5]  29.00-30.00  sec   155 MBytes  1299 Mbits/sec    0   12.5 MBytes       
- - - - - - - - - - - - - - - - - - - - - - - - -
[ ID] Interval           Transfer     Bitrate         Retr
[  5]   0.00-30.00  sec  3.94 GBytes  1128 Mbits/sec    0             sender
[  5]   0.00-30.08  sec  3.95 GBytes  1127 Mbits/sec                  receiver

iperf Done.
Connecting to host 10.1.0.4, port 5201
[  5] local 10.0.0.4 port 47396 connected to 10.1.0.4 port 5201
[ ID] Interval           Transfer     Bitrate         Retr  Cwnd
[  5]   0.00-1.00   sec  62.2 MBytes   522 Mbits/sec  2375   8.04 MBytes       (omitted)
[  5]   0.00-1.00   sec  94.6 MBytes   793 Mbits/sec   10   5.86 MBytes       
[  5]   1.00-2.00   sec  68.9 MBytes   578 Mbits/sec    0   6.08 MBytes       
[  5]   2.00-3.00   sec  68.6 MBytes   576 Mbits/sec    0   6.26 MBytes       
[  5]   3.00-4.00   sec  69.5 MBytes   583 Mbits/sec    0   6.41 MBytes       
[  5]   4.00-5.00   sec  92.1 MBytes   773 Mbits/sec    0   6.54 MBytes       
[  5]   5.00-6.00   sec  69.4 MBytes   582 Mbits/sec    0   6.63 MBytes       
[  5]   6.00-7.00   sec  69.6 MBytes   584 Mbits/sec    0   6.71 MBytes       
[  5]   7.00-8.00   sec  94.1 MBytes   790 Mbits/sec    0   6.76 MBytes       
[  5]   8.00-9.00   sec  70.5 MBytes   591 Mbits/sec    0   6.80 MBytes       
[  5]   9.00-10.00  sec  91.9 MBytes   771 Mbits/sec    0   6.82 MBytes       
[  5]  10.00-11.00  sec  67.9 MBytes   569 Mbits/sec    0   6.83 MBytes       
[  5]  11.00-12.00  sec  91.5 MBytes   768 Mbits/sec    0   6.83 MBytes       
[  5]  12.00-13.00  sec  91.8 MBytes   770 Mbits/sec    0   6.83 MBytes       
[  5]  13.00-14.00  sec  70.9 MBytes   595 Mbits/sec    0   6.83 MBytes       
[  5]  14.00-15.00  sec  92.1 MBytes   773 Mbits/sec    0   6.84 MBytes       
[  5]  15.00-16.00  sec  71.5 MBytes   600 Mbits/sec    0   6.85 MBytes       
[  5]  16.00-17.00  sec  71.6 MBytes   601 Mbits/sec    0   6.86 MBytes       
[  5]  17.00-18.00  sec  92.5 MBytes   776 Mbits/sec    0   6.89 MBytes       
[  5]  18.00-19.00  sec  91.6 MBytes   769 Mbits/sec    0   6.94 MBytes       
[  5]  19.00-20.00  sec  69.5 MBytes   583 Mbits/sec    0   7.00 MBytes       
[  5]  20.00-21.00  sec  92.1 MBytes   773 Mbits/sec    0   7.08 MBytes       
[  5]  21.00-22.00  sec  85.4 MBytes   716 Mbits/sec    0   7.19 MBytes       
[  5]  22.00-23.00  sec  86.6 MBytes   727 Mbits/sec    0   7.33 MBytes       
[  5]  23.00-24.00  sec  88.4 MBytes   741 Mbits/sec    0   7.50 MBytes       
[  5]  24.00-25.00  sec  90.6 MBytes   760 Mbits/sec    0   7.70 MBytes       
[  5]  25.00-26.00  sec  93.1 MBytes   781 Mbits/sec    0   7.94 MBytes       
[  5]  26.00-27.00  sec  95.6 MBytes   802 Mbits/sec    0   8.22 MBytes       
[  5]  27.00-28.00  sec  95.6 MBytes   802 Mbits/sec    0   8.55 MBytes       
[  5]  28.00-29.00  sec   115 MBytes   964 Mbits/sec    0   8.91 MBytes       
[  5]  29.00-30.00  sec  93.0 MBytes   781 Mbits/sec    0   9.32 MBytes       
- - - - - - - - - - - - - - - - - - - - - - - - -
[ ID] Interval           Transfer     Bitrate         Retr
[  5]   0.00-30.00  sec  2.48 GBytes   709 Mbits/sec   10             sender
[  5]   0.00-30.08  sec  2.48 GBytes   709 Mbits/sec                  receiver

iperf Done.
Connecting to host 10.1.0.4, port 5201
[  5] local 10.0.0.4 port 53564 connected to 10.1.0.4 port 5201
[ ID] Interval           Transfer     Bitrate         Retr  Cwnd
[  5]   0.00-1.00   sec  62.2 MBytes   522 Mbits/sec  3358   7.72 MBytes       (omitted)
[  5]   0.00-1.00   sec   125 MBytes  1046 Mbits/sec    0   9.06 MBytes       
[  5]   1.00-2.00   sec  93.2 MBytes   782 Mbits/sec    0   9.56 MBytes       
[  5]   2.00-3.00   sec   131 MBytes  1100 Mbits/sec    0   10.0 MBytes       
[  5]   3.00-4.00   sec   111 MBytes   930 Mbits/sec    0   10.4 MBytes       
[  5]   4.00-5.00   sec   130 MBytes  1095 Mbits/sec    0   10.7 MBytes       
[  5]   5.00-6.00   sec   131 MBytes  1096 Mbits/sec    0   11.0 MBytes       
[  5]   6.00-7.00   sec   131 MBytes  1097 Mbits/sec    0   11.3 MBytes       
[  5]   7.00-8.00   sec   134 MBytes  1121 Mbits/sec    0   11.5 MBytes       
[  5]   8.00-9.00   sec   131 MBytes  1102 Mbits/sec    0   11.6 MBytes       
[  5]   9.00-10.00  sec   132 MBytes  1103 Mbits/sec    0   11.8 MBytes       
[  5]  10.00-11.00  sec   157 MBytes  1318 Mbits/sec    0   11.9 MBytes       
[  5]  11.00-12.00  sec   130 MBytes  1087 Mbits/sec    0   12.0 MBytes       
[  5]  12.00-13.00  sec   151 MBytes  1267 Mbits/sec    0   12.1 MBytes       
[  5]  13.00-14.00  sec   132 MBytes  1106 Mbits/sec    0   12.1 MBytes       
[  5]  14.00-15.00  sec   154 MBytes  1296 Mbits/sec    0   12.1 MBytes       
[  5]  15.00-16.00  sec   154 MBytes  1295 Mbits/sec    0   12.2 MBytes       
[  5]  16.00-17.00  sec   128 MBytes  1078 Mbits/sec    0   12.2 MBytes       
[  5]  17.00-18.00  sec   153 MBytes  1285 Mbits/sec    0   12.2 MBytes       
[  5]  18.00-19.00  sec   150 MBytes  1261 Mbits/sec    0   12.2 MBytes       
[  5]  19.00-20.00  sec   132 MBytes  1103 Mbits/sec    0   12.2 MBytes       
[  5]  20.00-21.00  sec   152 MBytes  1272 Mbits/sec    0   12.2 MBytes       
[  5]  21.00-22.00  sec   131 MBytes  1100 Mbits/sec    0   12.2 MBytes       
[  5]  22.00-23.00  sec   153 MBytes  1287 Mbits/sec    0   12.2 MBytes       
[  5]  23.00-24.00  sec   151 MBytes  1267 Mbits/sec    0   12.2 MBytes       
[  5]  24.00-25.00  sec   133 MBytes  1114 Mbits/sec    0   12.3 MBytes       
[  5]  25.00-26.00  sec   152 MBytes  1275 Mbits/sec    0   12.4 MBytes       
[  5]  26.00-27.00  sec   154 MBytes  1288 Mbits/sec    0   12.4 MBytes       
[  5]  27.00-28.00  sec   153 MBytes  1280 Mbits/sec    0   12.6 MBytes       
[  5]  28.00-29.00  sec   135 MBytes  1131 Mbits/sec    0   12.7 MBytes       
[  5]  29.00-30.00  sec   157 MBytes  1321 Mbits/sec    0   12.9 MBytes       
- - - - - - - - - - - - - - - - - - - - - - - - -
[ ID] Interval           Transfer     Bitrate         Retr
[  5]   0.00-30.00  sec  4.06 GBytes  1163 Mbits/sec    0             sender
[  5]   0.00-30.08  sec  4.07 GBytes  1163 Mbits/sec                  receiver

iperf Done.
Connecting to host 10.1.0.4, port 5201
[  5] local 10.0.0.4 port 54332 connected to 10.1.0.4 port 5201
[ ID] Interval           Transfer     Bitrate         Retr  Cwnd
[  5]   0.00-1.00   sec  62.2 MBytes   522 Mbits/sec  3084   8.22 MBytes       (omitted)
[  5]   0.00-1.00   sec   123 MBytes  1030 Mbits/sec    0   9.13 MBytes       
[  5]   1.00-2.00   sec   115 MBytes   964 Mbits/sec    0   9.63 MBytes       
[  5]   2.00-3.00   sec   112 MBytes   938 Mbits/sec    0   10.1 MBytes       
[  5]   3.00-4.00   sec   114 MBytes   956 Mbits/sec    0   10.5 MBytes       
[  5]   4.00-5.00   sec   133 MBytes  1115 Mbits/sec    0   10.8 MBytes       
[  5]   5.00-6.00   sec   131 MBytes  1098 Mbits/sec    0   11.1 MBytes       
[  5]   6.00-7.00   sec   134 MBytes  1124 Mbits/sec    0   11.3 MBytes       
[  5]   7.00-8.00   sec   137 MBytes  1148 Mbits/sec    0   11.6 MBytes       
[  5]   8.00-9.00   sec   138 MBytes  1159 Mbits/sec    0   11.7 MBytes       
[  5]   9.00-10.00  sec   138 MBytes  1154 Mbits/sec    0   11.9 MBytes       
[  5]  10.00-11.00  sec   142 MBytes  1187 Mbits/sec    0   12.0 MBytes       
[  5]  11.00-12.00  sec   143 MBytes  1203 Mbits/sec    0   12.1 MBytes       
[  5]  12.00-13.00  sec   144 MBytes  1211 Mbits/sec    0   12.2 MBytes       
[  5]  13.00-14.00  sec   141 MBytes  1184 Mbits/sec    0   12.2 MBytes       
[  5]  14.00-15.00  sec   143 MBytes  1196 Mbits/sec    0   12.2 MBytes       
[  5]  15.00-16.00  sec   160 MBytes  1343 Mbits/sec    0   12.3 MBytes       
[  5]  16.00-17.00  sec   137 MBytes  1150 Mbits/sec    0   12.3 MBytes       
[  5]  17.00-18.00  sec   138 MBytes  1162 Mbits/sec    0   12.3 MBytes       
[  5]  18.00-19.00  sec   138 MBytes  1158 Mbits/sec    0   12.3 MBytes       
[  5]  19.00-20.00  sec   159 MBytes  1337 Mbits/sec    0   12.3 MBytes       
[  5]  20.00-21.00  sec   136 MBytes  1143 Mbits/sec    0   12.3 MBytes       
[  5]  21.00-22.00  sec   161 MBytes  1349 Mbits/sec    0   12.3 MBytes       
[  5]  22.00-23.00  sec   137 MBytes  1146 Mbits/sec    0   12.3 MBytes       
[  5]  23.00-24.00  sec   157 MBytes  1315 Mbits/sec    0   12.3 MBytes       
[  5]  24.00-25.00  sec   134 MBytes  1123 Mbits/sec    0   12.4 MBytes       
[  5]  25.00-26.00  sec   155 MBytes  1303 Mbits/sec    0   12.4 MBytes       
[  5]  26.00-27.00  sec   153 MBytes  1280 Mbits/sec    0   12.5 MBytes       
[  5]  27.00-28.00  sec   132 MBytes  1110 Mbits/sec    0   12.6 MBytes       
[  5]  28.00-29.00  sec   156 MBytes  1307 Mbits/sec    0   12.8 MBytes       
[  5]  29.00-30.00  sec   156 MBytes  1306 Mbits/sec    0   13.0 MBytes       
- - - - - - - - - - - - - - - - - - - - - - - - -
[ ID] Interval           Transfer     Bitrate         Retr
[  5]   0.00-30.00  sec  4.10 GBytes  1173 Mbits/sec    0             sender
[  5]   0.00-30.08  sec  4.11 GBytes  1172 Mbits/sec                  receiver

iperf Done.
Connecting to host 10.1.0.4, port 5201
[  5] local 10.0.0.4 port 39042 connected to 10.1.0.4 port 5201
[ ID] Interval           Transfer     Bitrate         Retr  Cwnd
[  5]   0.00-1.00   sec  62.2 MBytes   522 Mbits/sec  2918   8.50 MBytes       (omitted)
[  5]   0.00-1.00   sec  97.5 MBytes   817 Mbits/sec    0   6.30 MBytes       
[  5]   1.00-2.00   sec  67.2 MBytes   564 Mbits/sec    0   6.54 MBytes       
[  5]   2.00-3.00   sec  92.2 MBytes   774 Mbits/sec    0   6.74 MBytes       
[  5]   3.00-4.00   sec  68.4 MBytes   574 Mbits/sec    0   6.90 MBytes       
[  5]   4.00-5.00   sec  92.6 MBytes   777 Mbits/sec    0   7.03 MBytes       
[  5]   5.00-6.00   sec  89.8 MBytes   753 Mbits/sec    0   7.14 MBytes       
[  5]   6.00-7.00   sec  64.6 MBytes   542 Mbits/sec    0   7.22 MBytes       
[  5]   7.00-8.00   sec  65.1 MBytes   546 Mbits/sec    0   7.27 MBytes       
[  5]   8.00-9.00   sec  87.4 MBytes   733 Mbits/sec    0   7.31 MBytes       
[  5]   9.00-10.00  sec  87.9 MBytes   737 Mbits/sec    0   7.34 MBytes       
[  5]  10.00-11.00  sec  88.1 MBytes   739 Mbits/sec    0   7.36 MBytes       
[  5]  11.00-12.00  sec  88.4 MBytes   741 Mbits/sec    0   7.36 MBytes       
[  5]  12.00-13.00  sec  88.4 MBytes   741 Mbits/sec    0   7.37 MBytes       
[  5]  13.00-14.00  sec  88.4 MBytes   741 Mbits/sec    0   7.37 MBytes       
[  5]  14.00-15.00  sec  88.4 MBytes   741 Mbits/sec    0   7.37 MBytes       
[  5]  15.00-16.00  sec  88.4 MBytes   741 Mbits/sec    0   7.37 MBytes       
[  5]  16.00-17.00  sec  88.5 MBytes   742 Mbits/sec    0   7.39 MBytes       
[  5]  17.00-18.00  sec  88.8 MBytes   744 Mbits/sec    0   7.41 MBytes       
[  5]  18.00-19.00  sec  89.1 MBytes   748 Mbits/sec    0   7.45 MBytes       
[  5]  19.00-20.00  sec  89.5 MBytes   751 Mbits/sec    0   7.50 MBytes       
[  5]  20.00-21.00  sec  90.4 MBytes   758 Mbits/sec    0   7.58 MBytes       
[  5]  21.00-22.00  sec  91.4 MBytes   767 Mbits/sec    0   7.68 MBytes       
[  5]  22.00-23.00  sec  91.1 MBytes   764 Mbits/sec    0   7.81 MBytes       
[  5]  23.00-24.00  sec  95.9 MBytes   804 Mbits/sec    0   7.97 MBytes       
[  5]  24.00-25.00  sec  95.2 MBytes   799 Mbits/sec    0   8.15 MBytes       
[  5]  25.00-26.00  sec  89.0 MBytes   747 Mbits/sec    0   8.37 MBytes       
[  5]  26.00-27.00  sec   111 MBytes   932 Mbits/sec    0   8.63 MBytes       
[  5]  27.00-28.00  sec  89.2 MBytes   749 Mbits/sec    0   8.94 MBytes       
[  5]  28.00-29.00  sec   113 MBytes   951 Mbits/sec    0   9.29 MBytes       
[  5]  29.00-30.00  sec   111 MBytes   934 Mbits/sec    0   9.70 MBytes       
- - - - - - - - - - - - - - - - - - - - - - - - -
[ ID] Interval           Transfer     Bitrate         Retr
[  5]   0.00-30.00  sec  2.63 GBytes   754 Mbits/sec    0             sender
[  5]   0.00-30.08  sec  2.65 GBytes   756 Mbits/sec                  receiver

iperf Done.
Connecting to host 10.1.0.4, port 5201
[  5] local 10.0.0.4 port 33556 connected to 10.1.0.4 port 5201
[ ID] Interval           Transfer     Bitrate         Retr  Cwnd
[  5]   0.00-1.00   sec  62.2 MBytes   522 Mbits/sec  2853   7.87 MBytes       (omitted)
[  5]   0.00-1.00   sec   121 MBytes  1012 Mbits/sec    0   8.64 MBytes       
[  5]   1.00-2.00   sec  93.0 MBytes   780 Mbits/sec    0   9.11 MBytes       
[  5]   2.00-3.00   sec   116 MBytes   969 Mbits/sec    0   9.54 MBytes       
[  5]   3.00-4.00   sec   114 MBytes   959 Mbits/sec    0   9.91 MBytes       
[  5]   4.00-5.00   sec   112 MBytes   940 Mbits/sec    0   10.2 MBytes       
[  5]   5.00-6.00   sec   137 MBytes  1152 Mbits/sec    0   10.5 MBytes       
[  5]   6.00-7.00   sec   113 MBytes   951 Mbits/sec    0   10.7 MBytes       
[  5]   7.00-8.00   sec   130 MBytes  1088 Mbits/sec    0   10.9 MBytes       
[  5]   8.00-9.00   sec   132 MBytes  1107 Mbits/sec    0   11.1 MBytes       
[  5]   9.00-10.00  sec   134 MBytes  1123 Mbits/sec    0   11.2 MBytes       
[  5]  10.00-11.00  sec   136 MBytes  1137 Mbits/sec    0   11.4 MBytes       
[  5]  11.00-12.00  sec   136 MBytes  1143 Mbits/sec    0   11.4 MBytes       
[  5]  12.00-13.00  sec   138 MBytes  1156 Mbits/sec    0   11.5 MBytes       
[  5]  13.00-14.00  sec   134 MBytes  1123 Mbits/sec    0   11.5 MBytes       
[  5]  14.00-15.00  sec   138 MBytes  1157 Mbits/sec    0   11.6 MBytes       
[  5]  15.00-16.00  sec   139 MBytes  1166 Mbits/sec    0   11.6 MBytes       
[  5]  16.00-17.00  sec   139 MBytes  1168 Mbits/sec    0   11.6 MBytes       
[  5]  17.00-18.00  sec   134 MBytes  1128 Mbits/sec    0   11.6 MBytes       
[  5]  18.00-19.00  sec   136 MBytes  1138 Mbits/sec    0   11.6 MBytes       
[  5]  19.00-20.00  sec   134 MBytes  1121 Mbits/sec    0   11.6 MBytes       
[  5]  20.00-21.00  sec   137 MBytes  1150 Mbits/sec    0   11.6 MBytes       
[  5]  21.00-22.00  sec   158 MBytes  1322 Mbits/sec    0   11.6 MBytes       
[  5]  22.00-23.00  sec   134 MBytes  1122 Mbits/sec    0   11.6 MBytes       
[  5]  23.00-24.00  sec   134 MBytes  1126 Mbits/sec    0   11.7 MBytes       
[  5]  24.00-25.00  sec   134 MBytes  1123 Mbits/sec    0   11.7 MBytes       
[  5]  25.00-26.00  sec   136 MBytes  1138 Mbits/sec    0   11.8 MBytes       
[  5]  26.00-27.00  sec   135 MBytes  1129 Mbits/sec    0   11.9 MBytes       
[  5]  27.00-28.00  sec   156 MBytes  1309 Mbits/sec    0   12.0 MBytes       
[  5]  28.00-29.00  sec   132 MBytes  1112 Mbits/sec    0   12.2 MBytes       
[  5]  29.00-30.00  sec   158 MBytes  1326 Mbits/sec    0   12.4 MBytes       
- - - - - - - - - - - - - - - - - - - - - - - - -
[ ID] Interval           Transfer     Bitrate         Retr
[  5]   0.00-30.00  sec  3.89 GBytes  1112 Mbits/sec    0             sender
[  5]   0.00-30.08  sec  3.89 GBytes  1112 Mbits/sec                  receiver

iperf Done.
Connecting to host 10.1.0.4, port 5201
[  5] local 10.0.0.4 port 60056 connected to 10.1.0.4 port 5201
[ ID] Interval           Transfer     Bitrate         Retr  Cwnd
[  5]   0.00-1.00   sec  62.2 MBytes   522 Mbits/sec  3412   8.69 MBytes       (omitted)
[  5]   0.00-1.00   sec   126 MBytes  1060 Mbits/sec    0   9.82 MBytes       
[  5]   1.00-2.00   sec   112 MBytes   942 Mbits/sec    0   10.3 MBytes       
[  5]   2.00-3.00   sec   134 MBytes  1125 Mbits/sec    0   10.8 MBytes       
[  5]   3.00-4.00   sec   132 MBytes  1103 Mbits/sec    0   11.2 MBytes       
[  5]   4.00-5.00   sec   136 MBytes  1143 Mbits/sec    0   11.6 MBytes       
[  5]   5.00-6.00   sec   140 MBytes  1178 Mbits/sec    0   11.9 MBytes       
[  5]   6.00-7.00   sec   145 MBytes  1213 Mbits/sec    0   12.2 MBytes       
[  5]   7.00-8.00   sec   137 MBytes  1148 Mbits/sec    0   12.4 MBytes       
[  5]   8.00-9.00   sec   150 MBytes  1256 Mbits/sec    0   12.6 MBytes       
[  5]   9.00-10.00  sec   154 MBytes  1288 Mbits/sec    0   12.7 MBytes       
[  5]  10.00-11.00  sec   114 MBytes   953 Mbits/sec   13   9.24 MBytes       
[  5]  11.00-12.00  sec   110 MBytes   921 Mbits/sec    0   9.55 MBytes       
[  5]  12.00-13.00  sec   109 MBytes   911 Mbits/sec    0   9.82 MBytes       
[  5]  13.00-14.00  sec   109 MBytes   917 Mbits/sec    0   10.0 MBytes       
[  5]  14.00-15.00  sec   130 MBytes  1089 Mbits/sec    0   10.2 MBytes       
[  5]  15.00-16.00  sec   131 MBytes  1102 Mbits/sec    0   10.4 MBytes       
[  5]  16.00-17.00  sec   107 MBytes   897 Mbits/sec    0   10.5 MBytes       
[  5]  17.00-18.00  sec   130 MBytes  1086 Mbits/sec    0   10.6 MBytes       
[  5]  18.00-19.00  sec   128 MBytes  1074 Mbits/sec    0   10.7 MBytes       
[  5]  19.00-20.00  sec   128 MBytes  1074 Mbits/sec    0   10.8 MBytes       
[  5]  20.00-21.00  sec   130 MBytes  1086 Mbits/sec    0   10.8 MBytes       
[  5]  21.00-22.00  sec   131 MBytes  1100 Mbits/sec    0   10.8 MBytes       
[  5]  22.00-23.00  sec   131 MBytes  1097 Mbits/sec    0   10.8 MBytes       
[  5]  23.00-24.00  sec   131 MBytes  1100 Mbits/sec    0   10.8 MBytes       
[  5]  24.00-25.00  sec   131 MBytes  1096 Mbits/sec    0   10.8 MBytes       
[  5]  25.00-26.00  sec   109 MBytes   915 Mbits/sec    0   10.8 MBytes       
[  5]  26.00-27.00  sec   131 MBytes  1098 Mbits/sec    0   10.8 MBytes       
[  5]  27.00-28.00  sec   131 MBytes  1099 Mbits/sec    0   10.9 MBytes       
[  5]  28.00-29.00  sec   130 MBytes  1094 Mbits/sec    0   10.9 MBytes       
[  5]  29.00-30.00  sec   130 MBytes  1091 Mbits/sec    0   10.9 MBytes       
- - - - - - - - - - - - - - - - - - - - - - - - -
[ ID] Interval           Transfer     Bitrate         Retr
[  5]   0.00-30.00  sec  3.76 GBytes  1075 Mbits/sec   13             sender
[  5]   0.00-30.08  sec  3.76 GBytes  1075 Mbits/sec                  receiver

iperf Done.
Connecting to host 10.1.0.4, port 5201
[  5] local 10.0.0.4 port 50478 connected to 10.1.0.4 port 5201
[ ID] Interval           Transfer     Bitrate         Retr  Cwnd
[  5]   0.00-1.00   sec  62.2 MBytes   522 Mbits/sec  2266   8.51 MBytes       (omitted)
[  5]   0.00-1.00   sec  92.8 MBytes   777 Mbits/sec  365   6.24 MBytes       
[  5]   1.00-2.00   sec  69.8 MBytes   585 Mbits/sec    0   6.48 MBytes       
[  5]   2.00-3.00   sec  73.0 MBytes   612 Mbits/sec    0   6.68 MBytes       
[  5]   3.00-4.00   sec  94.2 MBytes   791 Mbits/sec    0   6.84 MBytes       
[  5]   4.00-5.00   sec  72.8 MBytes   610 Mbits/sec    0   6.97 MBytes       
[  5]   5.00-6.00   sec  93.5 MBytes   784 Mbits/sec    0   7.08 MBytes       
[  5]   6.00-7.00   sec  85.1 MBytes   714 Mbits/sec    0   7.16 MBytes       
[  5]   7.00-8.00   sec  86.2 MBytes   724 Mbits/sec    0   7.22 MBytes       
[  5]   8.00-9.00   sec  86.9 MBytes   729 Mbits/sec    0   7.26 MBytes       
[  5]   9.00-10.00  sec  87.2 MBytes   732 Mbits/sec    0   7.29 MBytes       
[  5]  10.00-11.00  sec  87.5 MBytes   734 Mbits/sec    0   7.30 MBytes       
[  5]  11.00-12.00  sec  87.8 MBytes   736 Mbits/sec    0   7.31 MBytes       
[  5]  12.00-13.00  sec  87.6 MBytes   735 Mbits/sec    0   7.31 MBytes       
[  5]  13.00-14.00  sec  87.2 MBytes   732 Mbits/sec    0   7.31 MBytes       
[  5]  14.00-15.00  sec  65.8 MBytes   552 Mbits/sec    0   7.31 MBytes       
[  5]  15.00-16.00  sec  87.4 MBytes   733 Mbits/sec    0   7.32 MBytes       
[  5]  16.00-17.00  sec  87.8 MBytes   736 Mbits/sec    0   7.33 MBytes       
[  5]  17.00-18.00  sec  87.8 MBytes   736 Mbits/sec    0   7.36 MBytes       
[  5]  18.00-19.00  sec  88.2 MBytes   740 Mbits/sec    0   7.39 MBytes       
[  5]  19.00-20.00  sec  88.6 MBytes   743 Mbits/sec    0   7.45 MBytes       
[  5]  20.00-21.00  sec  89.4 MBytes   750 Mbits/sec    0   7.52 MBytes       
[  5]  21.00-22.00  sec  90.4 MBytes   758 Mbits/sec    0   7.62 MBytes       
[  5]  22.00-23.00  sec  91.6 MBytes   769 Mbits/sec    0   7.75 MBytes       
[  5]  23.00-24.00  sec  93.4 MBytes   783 Mbits/sec    0   7.90 MBytes       
[  5]  24.00-25.00  sec  95.2 MBytes   799 Mbits/sec    0   8.08 MBytes       
[  5]  25.00-26.00  sec  97.6 MBytes   819 Mbits/sec    0   8.31 MBytes       
[  5]  26.00-27.00  sec  96.6 MBytes   811 Mbits/sec    0   8.57 MBytes       
[  5]  27.00-28.00  sec   112 MBytes   938 Mbits/sec    0   8.88 MBytes       
[  5]  28.00-29.00  sec  94.4 MBytes   792 Mbits/sec    0   9.23 MBytes       
[  5]  29.00-30.00  sec   118 MBytes   994 Mbits/sec    0   9.64 MBytes       
- - - - - - - - - - - - - - - - - - - - - - - - -
[ ID] Interval           Transfer     Bitrate         Retr
[  5]   0.00-30.00  sec  2.61 GBytes   748 Mbits/sec  365             sender
[  5]   0.00-30.08  sec  2.62 GBytes   749 Mbits/sec                  receiver

iperf Done.
Connecting to host 10.1.0.4, port 5201
[  5] local 10.0.0.4 port 59414 connected to 10.1.0.4 port 5201
[ ID] Interval           Transfer     Bitrate         Retr  Cwnd
[  5]   0.00-1.00   sec  62.2 MBytes   522 Mbits/sec  2456   8.54 MBytes       (omitted)
[  5]   0.00-1.00   sec   124 MBytes  1043 Mbits/sec    0   9.08 MBytes       
[  5]   1.00-2.00   sec   114 MBytes   958 Mbits/sec    0   9.57 MBytes       
[  5]   2.00-3.00   sec   115 MBytes   967 Mbits/sec    0   10.0 MBytes       
[  5]   3.00-4.00   sec   114 MBytes   956 Mbits/sec    0   10.4 MBytes       
[  5]   4.00-5.00   sec   135 MBytes  1131 Mbits/sec    0   10.7 MBytes       
[  5]   5.00-6.00   sec  89.6 MBytes   752 Mbits/sec  1880   7.76 MBytes       
[  5]   6.00-7.00   sec  94.1 MBytes   790 Mbits/sec    0   8.04 MBytes       
[  5]   7.00-8.00   sec  95.2 MBytes   799 Mbits/sec    0   8.29 MBytes       
[  5]   8.00-9.00   sec  93.2 MBytes   782 Mbits/sec    0   8.50 MBytes       
[  5]   9.00-10.00  sec   114 MBytes   955 Mbits/sec    0   8.68 MBytes       
[  5]  10.00-11.00  sec  93.1 MBytes   781 Mbits/sec    0   8.82 MBytes       
[  5]  11.00-12.00  sec   112 MBytes   941 Mbits/sec    0   8.94 MBytes       
[  5]  12.00-13.00  sec   112 MBytes   936 Mbits/sec    0   9.03 MBytes       
[  5]  13.00-14.00  sec   112 MBytes   943 Mbits/sec    0   9.10 MBytes       
[  5]  14.00-15.00  sec  90.8 MBytes   761 Mbits/sec    0   9.14 MBytes       
[  5]  15.00-16.00  sec   113 MBytes   948 Mbits/sec    0   9.17 MBytes       
[  5]  16.00-17.00  sec   109 MBytes   918 Mbits/sec    0   9.19 MBytes       
[  5]  17.00-18.00  sec   110 MBytes   925 Mbits/sec    0   9.20 MBytes       
[  5]  18.00-19.00  sec   109 MBytes   917 Mbits/sec    0   9.21 MBytes       
[  5]  19.00-20.00  sec   111 MBytes   930 Mbits/sec    0   9.21 MBytes       
[  5]  20.00-21.00  sec   114 MBytes   953 Mbits/sec    0   9.21 MBytes       
[  5]  21.00-22.00  sec   110 MBytes   924 Mbits/sec    0   9.21 MBytes       
[  5]  22.00-23.00  sec   108 MBytes   907 Mbits/sec    0   9.22 MBytes       
[  5]  23.00-24.00  sec   110 MBytes   922 Mbits/sec    0   9.24 MBytes       
[  5]  24.00-25.00  sec   108 MBytes   903 Mbits/sec    0   9.27 MBytes       
[  5]  25.00-26.00  sec   108 MBytes   906 Mbits/sec    0   9.32 MBytes       
[  5]  26.00-27.00  sec   109 MBytes   915 Mbits/sec    0   9.39 MBytes       
[  5]  27.00-28.00  sec   112 MBytes   938 Mbits/sec    0   9.48 MBytes       
[  5]  28.00-29.00  sec   111 MBytes   930 Mbits/sec    0   9.59 MBytes       
[  5]  29.00-30.00  sec   112 MBytes   943 Mbits/sec    0   9.73 MBytes       
- - - - - - - - - - - - - - - - - - - - - - - - -
[ ID] Interval           Transfer     Bitrate         Retr
[  5]   0.00-30.00  sec  3.19 GBytes   913 Mbits/sec  1880             sender
[  5]   0.00-30.08  sec  3.20 GBytes   913 Mbits/sec                  receiver

iperf Done.
Connecting to host 10.1.0.4, port 5201
[  5] local 10.0.0.4 port 45094 connected to 10.1.0.4 port 5201
[ ID] Interval           Transfer     Bitrate         Retr  Cwnd
[  5]   0.00-1.00   sec  62.2 MBytes   522 Mbits/sec  3070   10.9 MBytes       (omitted)
[  5]   0.00-1.00   sec   107 MBytes   896 Mbits/sec  3775   8.56 MBytes       
[  5]   1.00-2.00   sec   111 MBytes   929 Mbits/sec    0   8.86 MBytes       
[  5]   2.00-3.00   sec   113 MBytes   951 Mbits/sec    0   9.12 MBytes       
[  5]   3.00-4.00   sec  88.9 MBytes   746 Mbits/sec    0   9.33 MBytes       
[  5]   4.00-5.00   sec   114 MBytes   959 Mbits/sec    0   9.52 MBytes       
[  5]   5.00-6.00   sec   131 MBytes  1097 Mbits/sec    0   9.67 MBytes       
[  5]   6.00-7.00   sec   108 MBytes   903 Mbits/sec    0   9.79 MBytes       
[  5]   7.00-8.00   sec   107 MBytes   900 Mbits/sec    0   9.88 MBytes       
[  5]   8.00-9.00   sec   129 MBytes  1085 Mbits/sec    0   9.96 MBytes       
[  5]   9.00-10.00  sec   109 MBytes   915 Mbits/sec    0   10.0 MBytes       
[  5]  10.00-11.00  sec   130 MBytes  1089 Mbits/sec    0   10.0 MBytes       
[  5]  11.00-12.00  sec   109 MBytes   911 Mbits/sec    0   10.1 MBytes       
[  5]  12.00-13.00  sec   130 MBytes  1091 Mbits/sec    0   10.1 MBytes       
[  5]  13.00-14.00  sec   108 MBytes   906 Mbits/sec    0   10.1 MBytes       
[  5]  14.00-15.00  sec   130 MBytes  1088 Mbits/sec    0   10.1 MBytes       
[  5]  15.00-16.00  sec   108 MBytes   908 Mbits/sec    0   10.1 MBytes       
[  5]  16.00-17.00  sec   131 MBytes  1096 Mbits/sec    0   10.1 MBytes       
[  5]  17.00-18.00  sec   109 MBytes   915 Mbits/sec    0   10.1 MBytes       
[  5]  18.00-19.00  sec   128 MBytes  1077 Mbits/sec    0   10.1 MBytes       
[  5]  19.00-20.00  sec   111 MBytes   930 Mbits/sec    0   10.1 MBytes       
[  5]  20.00-21.00  sec   132 MBytes  1110 Mbits/sec    0   10.2 MBytes       
[  5]  21.00-22.00  sec   109 MBytes   914 Mbits/sec    0   10.2 MBytes       
[  5]  22.00-23.00  sec   128 MBytes  1071 Mbits/sec    0   10.3 MBytes       
[  5]  23.00-24.00  sec   132 MBytes  1109 Mbits/sec    0   10.4 MBytes       
[  5]  24.00-25.00  sec   128 MBytes  1075 Mbits/sec    0   10.6 MBytes       
[  5]  25.00-26.00  sec   108 MBytes   904 Mbits/sec    0   10.7 MBytes       
[  5]  26.00-27.00  sec   129 MBytes  1084 Mbits/sec    0   10.9 MBytes       
[  5]  27.00-28.00  sec   133 MBytes  1114 Mbits/sec    0   11.2 MBytes       
[  5]  28.00-29.00  sec   137 MBytes  1147 Mbits/sec    0   11.5 MBytes       
[  5]  29.00-30.00  sec   140 MBytes  1174 Mbits/sec    0   11.8 MBytes       
- - - - - - - - - - - - - - - - - - - - - - - - -
[ ID] Interval           Transfer     Bitrate         Retr
[  5]   0.00-30.00  sec  3.50 GBytes  1003 Mbits/sec  3775             sender
[  5]   0.00-30.08  sec  3.51 GBytes  1002 Mbits/sec                  receiver

iperf Done.
Connecting to host 10.1.0.4, port 5201
[  5] local 10.0.0.4 port 48832 connected to 10.1.0.4 port 5201
[ ID] Interval           Transfer     Bitrate         Retr  Cwnd
[  5]   0.00-1.00   sec  62.2 MBytes   522 Mbits/sec  2568   8.91 MBytes       (omitted)
[  5]   0.00-1.00   sec   125 MBytes  1047 Mbits/sec    0   9.45 MBytes       
[  5]   1.00-2.00   sec   114 MBytes   958 Mbits/sec    0   9.96 MBytes       
[  5]   2.00-3.00   sec   115 MBytes   964 Mbits/sec    0   10.4 MBytes       
[  5]   3.00-4.00   sec   133 MBytes  1117 Mbits/sec  360   7.55 MBytes       
[  5]   4.00-5.00   sec  86.4 MBytes   725 Mbits/sec    0   7.86 MBytes       
[  5]   5.00-6.00   sec   109 MBytes   915 Mbits/sec    0   8.13 MBytes       
[  5]   6.00-7.00   sec  86.8 MBytes   728 Mbits/sec    0   8.36 MBytes       
[  5]   7.00-8.00   sec   108 MBytes   908 Mbits/sec    0   8.55 MBytes       
[  5]   8.00-9.00   sec  95.0 MBytes   798 Mbits/sec    0   8.71 MBytes       
[  5]   9.00-10.00  sec  86.6 MBytes   726 Mbits/sec    0   8.84 MBytes       
[  5]  10.00-11.00  sec   107 MBytes   900 Mbits/sec    0   8.94 MBytes       
[  5]  11.00-12.00  sec   109 MBytes   912 Mbits/sec    0   9.02 MBytes       
[  5]  12.00-13.00  sec   108 MBytes   907 Mbits/sec    0   9.08 MBytes       
[  5]  13.00-14.00  sec   109 MBytes   912 Mbits/sec    0   9.12 MBytes       
[  5]  14.00-15.00  sec   109 MBytes   916 Mbits/sec    0   9.14 MBytes       
[  5]  15.00-16.00  sec   110 MBytes   927 Mbits/sec    0   9.16 MBytes       
[  5]  16.00-17.00  sec   110 MBytes   927 Mbits/sec    0   9.16 MBytes       
[  5]  17.00-18.00  sec   111 MBytes   930 Mbits/sec    0   9.17 MBytes       
[  5]  18.00-19.00  sec   107 MBytes   897 Mbits/sec    0   9.17 MBytes       
[  5]  19.00-20.00  sec   107 MBytes   894 Mbits/sec    0   9.17 MBytes       
[  5]  20.00-21.00  sec   109 MBytes   912 Mbits/sec    0   9.17 MBytes       
[  5]  21.00-22.00  sec   107 MBytes   901 Mbits/sec    0   9.19 MBytes       
[  5]  22.00-23.00  sec   108 MBytes   908 Mbits/sec    0   9.21 MBytes       
[  5]  23.00-24.00  sec   129 MBytes  1085 Mbits/sec    0   9.25 MBytes       
[  5]  24.00-25.00  sec   108 MBytes   906 Mbits/sec    0   9.31 MBytes       
[  5]  25.00-26.00  sec   108 MBytes   911 Mbits/sec    0   9.38 MBytes       
[  5]  26.00-27.00  sec   108 MBytes   902 Mbits/sec    0   9.49 MBytes       
[  5]  27.00-28.00  sec   108 MBytes   907 Mbits/sec    0   9.61 MBytes       
[  5]  28.00-29.00  sec   129 MBytes  1085 Mbits/sec    0   9.77 MBytes       
[  5]  29.00-30.00  sec   108 MBytes   905 Mbits/sec    0   9.96 MBytes       
- - - - - - - - - - - - - - - - - - - - - - - - -
[ ID] Interval           Transfer     Bitrate         Retr
[  5]   0.00-30.00  sec  3.21 GBytes   918 Mbits/sec  360             sender
[  5]   0.00-30.08  sec  3.22 GBytes   919 Mbits/sec                  receiver

iperf Done.
Connecting to host 10.1.0.4, port 5201
[  5] local 10.0.0.4 port 53220 connected to 10.1.0.4 port 5201
[ ID] Interval           Transfer     Bitrate         Retr  Cwnd
[  5]   0.00-1.00   sec  62.2 MBytes   522 Mbits/sec  2564   12.7 MBytes       (omitted)
[  5]   0.00-1.00   sec   139 MBytes  1162 Mbits/sec  2727   9.19 MBytes       
[  5]   1.00-2.00   sec   116 MBytes   971 Mbits/sec    0   9.51 MBytes       
[  5]   2.00-3.00   sec  96.1 MBytes   806 Mbits/sec    0   9.78 MBytes       
[  5]   3.00-4.00   sec   122 MBytes  1028 Mbits/sec    0   10.0 MBytes       
[  5]   4.00-5.00   sec   120 MBytes  1005 Mbits/sec    0   10.2 MBytes       
[  5]   5.00-6.00   sec   120 MBytes  1005 Mbits/sec    0   10.4 MBytes       
[  5]   6.00-7.00   sec   146 MBytes  1225 Mbits/sec    0   10.5 MBytes       
[  5]   7.00-8.00   sec   115 MBytes   968 Mbits/sec    0   10.6 MBytes       
[  5]   8.00-9.00   sec   128 MBytes  1078 Mbits/sec    0   10.7 MBytes       
[  5]   9.00-10.00  sec   129 MBytes  1079 Mbits/sec    0   10.8 MBytes       
[  5]  10.00-11.00  sec   129 MBytes  1083 Mbits/sec    0   10.8 MBytes       
[  5]  11.00-12.00  sec   130 MBytes  1088 Mbits/sec    0   10.8 MBytes       
[  5]  12.00-13.00  sec   109 MBytes   911 Mbits/sec  346   7.68 MBytes       
[  5]  13.00-14.00  sec   115 MBytes   963 Mbits/sec    0   7.98 MBytes       
[  5]  14.00-15.00  sec  91.5 MBytes   768 Mbits/sec    0   8.24 MBytes       
[  5]  15.00-16.00  sec  91.4 MBytes   767 Mbits/sec    0   8.46 MBytes       
[  5]  16.00-17.00  sec   114 MBytes   953 Mbits/sec    0   8.64 MBytes       
[  5]  17.00-18.00  sec  92.4 MBytes   775 Mbits/sec    0   8.79 MBytes       
[  5]  18.00-19.00  sec   117 MBytes   978 Mbits/sec    0   8.92 MBytes       
[  5]  19.00-20.00  sec  94.8 MBytes   795 Mbits/sec    0   9.01 MBytes       
[  5]  20.00-21.00  sec   120 MBytes  1009 Mbits/sec    0   9.08 MBytes       
[  5]  21.00-22.00  sec  97.2 MBytes   816 Mbits/sec    0   9.13 MBytes       
[  5]  22.00-23.00  sec   114 MBytes   957 Mbits/sec    0   9.17 MBytes       
[  5]  23.00-24.00  sec   115 MBytes   964 Mbits/sec    0   9.19 MBytes       
[  5]  24.00-25.00  sec  91.8 MBytes   770 Mbits/sec    0   9.20 MBytes       
[  5]  25.00-26.00  sec   116 MBytes   970 Mbits/sec    0   9.21 MBytes       
[  5]  26.00-27.00  sec   113 MBytes   946 Mbits/sec    0   9.21 MBytes       
[  5]  27.00-28.00  sec   117 MBytes   983 Mbits/sec    0   9.21 MBytes       
[  5]  28.00-29.00  sec   115 MBytes   963 Mbits/sec    0   9.21 MBytes       
[  5]  29.00-30.00  sec  92.1 MBytes   773 Mbits/sec    0   9.22 MBytes       
- - - - - - - - - - - - - - - - - - - - - - - - -
[ ID] Interval           Transfer     Bitrate         Retr
[  5]   0.00-30.00  sec  3.32 GBytes   952 Mbits/sec  3073             sender
[  5]   0.00-30.08  sec  3.33 GBytes   952 Mbits/sec                  receiver

iperf Done.
Connecting to host 10.1.0.4, port 5201
[  5] local 10.0.0.4 port 57418 connected to 10.1.0.4 port 5201
[ ID] Interval           Transfer     Bitrate         Retr  Cwnd
[  5]   0.00-1.00   sec  62.2 MBytes   522 Mbits/sec  2135   14.0 MBytes       (omitted)
[  5]   0.00-1.00   sec  98.9 MBytes   829 Mbits/sec  3931   6.68 MBytes       
[  5]   1.00-2.00   sec  69.5 MBytes   583 Mbits/sec    0   6.94 MBytes       
[  5]   2.00-3.00   sec  90.6 MBytes   760 Mbits/sec    0   7.16 MBytes       
[  5]   3.00-4.00   sec  86.4 MBytes   725 Mbits/sec    0   7.34 MBytes       
[  5]   4.00-5.00   sec  88.4 MBytes   741 Mbits/sec    0   7.50 MBytes       
[  5]   5.00-6.00   sec  90.2 MBytes   757 Mbits/sec    0   7.62 MBytes       
[  5]   6.00-7.00   sec  91.5 MBytes   768 Mbits/sec    0   7.71 MBytes       
[  5]   7.00-8.00   sec  92.6 MBytes   777 Mbits/sec    0   7.79 MBytes       
[  5]   8.00-9.00   sec  93.4 MBytes   783 Mbits/sec    0   7.84 MBytes       
[  5]   9.00-10.00  sec  94.0 MBytes   789 Mbits/sec    0   7.88 MBytes       
[  5]  10.00-11.00  sec  94.2 MBytes   791 Mbits/sec    0   7.90 MBytes       
[  5]  11.00-12.00  sec  93.0 MBytes   780 Mbits/sec    0   7.91 MBytes       
[  5]  12.00-13.00  sec  96.2 MBytes   807 Mbits/sec    0   7.91 MBytes       
[  5]  13.00-14.00  sec  94.9 MBytes   796 Mbits/sec    0   7.91 MBytes       
[  5]  14.00-15.00  sec  94.4 MBytes   792 Mbits/sec    0   7.91 MBytes       
[  5]  15.00-16.00  sec  95.5 MBytes   801 Mbits/sec    0   7.92 MBytes       
[  5]  16.00-17.00  sec  94.9 MBytes   796 Mbits/sec    0   7.93 MBytes       
[  5]  17.00-18.00  sec  94.6 MBytes   794 Mbits/sec    0   7.94 MBytes       
[  5]  18.00-19.00  sec  93.8 MBytes   786 Mbits/sec    0   7.97 MBytes       
[  5]  19.00-20.00  sec  97.1 MBytes   815 Mbits/sec    0   8.02 MBytes       
[  5]  20.00-21.00  sec  95.6 MBytes   802 Mbits/sec    0   8.08 MBytes       
[  5]  21.00-22.00  sec  96.9 MBytes   813 Mbits/sec    0   8.16 MBytes       
[  5]  22.00-23.00  sec  98.0 MBytes   822 Mbits/sec    0   8.27 MBytes       
[  5]  23.00-24.00  sec  93.8 MBytes   786 Mbits/sec   18   5.87 MBytes       
[  5]  24.00-25.00  sec  88.1 MBytes   739 Mbits/sec    0   6.29 MBytes       
[  5]  25.00-26.00  sec  67.5 MBytes   566 Mbits/sec    0   6.67 MBytes       
[  5]  26.00-27.00  sec  95.1 MBytes   798 Mbits/sec    0   7.00 MBytes       
[  5]  27.00-28.00  sec  66.5 MBytes   558 Mbits/sec    0   7.28 MBytes       
[  5]  28.00-29.00  sec  87.9 MBytes   737 Mbits/sec    0   7.52 MBytes       
[  5]  29.00-30.00  sec  90.6 MBytes   761 Mbits/sec    0   7.72 MBytes       
- - - - - - - - - - - - - - - - - - - - - - - - -
[ ID] Interval           Transfer     Bitrate         Retr
[  5]   0.00-30.00  sec  2.66 GBytes   762 Mbits/sec  3949             sender
[  5]   0.00-30.08  sec  2.67 GBytes   762 Mbits/sec                  receiver

iperf Done.
Connecting to host 10.1.0.4, port 5201
[  5] local 10.0.0.4 port 40690 connected to 10.1.0.4 port 5201
[ ID] Interval           Transfer     Bitrate         Retr  Cwnd
[  5]   0.00-1.00   sec  62.2 MBytes   522 Mbits/sec  2384   8.13 MBytes       (omitted)
[  5]   0.00-1.00   sec   122 MBytes  1020 Mbits/sec    0   8.64 MBytes       
[  5]   1.00-2.00   sec  93.4 MBytes   783 Mbits/sec    0   9.12 MBytes       
[  5]   2.00-3.00   sec   115 MBytes   965 Mbits/sec    0   9.54 MBytes       
[  5]   3.00-4.00   sec   114 MBytes   958 Mbits/sec    0   9.91 MBytes       
[  5]   4.00-5.00   sec   112 MBytes   942 Mbits/sec    0   10.2 MBytes       
[  5]   5.00-6.00   sec   138 MBytes  1153 Mbits/sec    0   10.5 MBytes       
[  5]   6.00-7.00   sec   135 MBytes  1130 Mbits/sec    0   10.8 MBytes       
[  5]   7.00-8.00   sec   130 MBytes  1093 Mbits/sec    0   11.0 MBytes       
[  5]   8.00-9.00   sec   132 MBytes  1110 Mbits/sec    0   11.1 MBytes       
[  5]   9.00-10.00  sec   134 MBytes  1125 Mbits/sec    0   11.3 MBytes       
[  5]  10.00-11.00  sec   136 MBytes  1139 Mbits/sec    0   11.4 MBytes       
[  5]  11.00-12.00  sec   137 MBytes  1147 Mbits/sec    0   11.4 MBytes       
[  5]  12.00-13.00  sec   136 MBytes  1142 Mbits/sec    0   11.5 MBytes       
[  5]  13.00-14.00  sec   138 MBytes  1156 Mbits/sec    0   11.6 MBytes       
[  5]  14.00-15.00  sec   139 MBytes  1168 Mbits/sec    0   11.6 MBytes       
[  5]  15.00-16.00  sec   139 MBytes  1163 Mbits/sec    0   11.6 MBytes       
[  5]  16.00-17.00  sec   139 MBytes  1169 Mbits/sec    0   11.6 MBytes       
[  5]  17.00-18.00  sec   140 MBytes  1175 Mbits/sec    0   11.6 MBytes       
[  5]  18.00-19.00  sec   140 MBytes  1173 Mbits/sec    0   11.6 MBytes       
[  5]  19.00-20.00  sec   140 MBytes  1173 Mbits/sec    0   11.6 MBytes       
[  5]  20.00-21.00  sec   136 MBytes  1138 Mbits/sec    0   11.6 MBytes       
[  5]  21.00-22.00  sec   140 MBytes  1171 Mbits/sec    0   11.6 MBytes       
[  5]  22.00-23.00  sec   139 MBytes  1166 Mbits/sec    0   11.7 MBytes       
[  5]  23.00-24.00  sec   140 MBytes  1172 Mbits/sec    0   11.7 MBytes       
[  5]  24.00-25.00  sec   139 MBytes  1164 Mbits/sec    0   11.7 MBytes       
[  5]  25.00-26.00  sec   134 MBytes  1124 Mbits/sec    0   11.8 MBytes       
[  5]  26.00-27.00  sec   136 MBytes  1140 Mbits/sec    0   11.9 MBytes       
[  5]  27.00-28.00  sec   141 MBytes  1183 Mbits/sec    0   12.0 MBytes       
[  5]  28.00-29.00  sec   142 MBytes  1193 Mbits/sec    0   12.2 MBytes       
[  5]  29.00-30.00  sec   148 MBytes  1246 Mbits/sec    0   12.4 MBytes       
- - - - - - - - - - - - - - - - - - - - - - - - -
[ ID] Interval           Transfer     Bitrate         Retr
[  5]   0.00-30.00  sec  3.91 GBytes  1120 Mbits/sec    0             sender
[  5]   0.00-30.08  sec  3.92 GBytes  1119 Mbits/sec                  receiver

iperf Done.
Connecting to host 10.1.0.4, port 5201
[  5] local 10.0.0.4 port 50016 connected to 10.1.0.4 port 5201
[ ID] Interval           Transfer     Bitrate         Retr  Cwnd
[  5]   0.00-1.00   sec  62.2 MBytes   522 Mbits/sec  2498   8.36 MBytes       (omitted)
[  5]   0.00-1.00   sec   125 MBytes  1045 Mbits/sec    0   8.87 MBytes       
[  5]   1.00-2.00   sec  95.8 MBytes   803 Mbits/sec    0   9.36 MBytes       
[  5]   2.00-3.00   sec   118 MBytes   988 Mbits/sec    0   9.79 MBytes       
[  5]   3.00-4.00   sec   117 MBytes   985 Mbits/sec    0   10.2 MBytes       
[  5]   4.00-5.00   sec   116 MBytes   969 Mbits/sec    0   10.5 MBytes       
[  5]   5.00-6.00   sec   116 MBytes   971 Mbits/sec  211   7.64 MBytes       
[  5]   6.00-7.00   sec  91.5 MBytes   768 Mbits/sec    0   7.91 MBytes       
[  5]   7.00-8.00   sec  89.8 MBytes   753 Mbits/sec    0   8.14 MBytes       
[  5]   8.00-9.00   sec  87.6 MBytes   735 Mbits/sec    0   8.33 MBytes       
[  5]   9.00-10.00  sec   111 MBytes   933 Mbits/sec    0   8.49 MBytes       
[  5]  10.00-11.00  sec   112 MBytes   935 Mbits/sec    0   8.62 MBytes       
[  5]  11.00-12.00  sec  86.6 MBytes   727 Mbits/sec    0   8.72 MBytes       
[  5]  12.00-13.00  sec   110 MBytes   921 Mbits/sec    0   8.80 MBytes       
[  5]  13.00-14.00  sec   110 MBytes   922 Mbits/sec    0   8.86 MBytes       
[  5]  14.00-15.00  sec   115 MBytes   968 Mbits/sec    0   8.90 MBytes       
[  5]  15.00-16.00  sec  93.8 MBytes   786 Mbits/sec    0   8.92 MBytes       
[  5]  16.00-17.00  sec   114 MBytes   954 Mbits/sec    0   8.94 MBytes       
[  5]  17.00-18.00  sec   113 MBytes   948 Mbits/sec    0   8.94 MBytes       
[  5]  18.00-19.00  sec  90.2 MBytes   757 Mbits/sec    0   8.94 MBytes       
[  5]  19.00-20.00  sec   116 MBytes   975 Mbits/sec    0   8.94 MBytes       
[  5]  20.00-21.00  sec   108 MBytes   908 Mbits/sec    0   8.95 MBytes       
[  5]  21.00-22.00  sec  93.8 MBytes   786 Mbits/sec    0   8.95 MBytes       
[  5]  22.00-23.00  sec   112 MBytes   943 Mbits/sec    0   8.97 MBytes       
[  5]  23.00-24.00  sec   113 MBytes   947 Mbits/sec    0   8.99 MBytes       
[  5]  24.00-25.00  sec  90.0 MBytes   755 Mbits/sec    0   9.03 MBytes       
[  5]  25.00-26.00  sec   114 MBytes   957 Mbits/sec    0   9.09 MBytes       
[  5]  26.00-27.00  sec   113 MBytes   947 Mbits/sec    0   9.16 MBytes       
[  5]  27.00-28.00  sec   115 MBytes   963 Mbits/sec    0   9.26 MBytes       
[  5]  28.00-29.00  sec   117 MBytes   979 Mbits/sec    0   9.39 MBytes       
[  5]  29.00-30.00  sec  94.5 MBytes   793 Mbits/sec    0   9.55 MBytes       
- - - - - - - - - - - - - - - - - - - - - - - - -
[ ID] Interval           Transfer     Bitrate         Retr
[  5]   0.00-30.00  sec  3.13 GBytes   895 Mbits/sec  211             sender
[  5]   0.00-30.08  sec  3.14 GBytes   897 Mbits/sec                  receiver

iperf Done.
Connecting to host 10.1.0.4, port 5201
[  5] local 10.0.0.4 port 44308 connected to 10.1.0.4 port 5201
[ ID] Interval           Transfer     Bitrate         Retr  Cwnd
[  5]   0.00-1.00   sec  62.2 MBytes   522 Mbits/sec  1971   13.5 MBytes       (omitted)
[  5]   0.00-1.00   sec   168 MBytes  1408 Mbits/sec  3202   14.2 MBytes       
[  5]   1.00-2.00   sec   172 MBytes  1442 Mbits/sec    0   14.9 MBytes       
[  5]   2.00-3.00   sec   200 MBytes  1678 Mbits/sec    0   15.5 MBytes       
[  5]   3.00-4.00   sec   142 MBytes  1191 Mbits/sec  1863   11.2 MBytes       
[  5]   4.00-5.00   sec   137 MBytes  1146 Mbits/sec    0   11.6 MBytes       
[  5]   5.00-6.00   sec   142 MBytes  1188 Mbits/sec    0   11.9 MBytes       
[  5]   6.00-7.00   sec   142 MBytes  1193 Mbits/sec    0   12.2 MBytes       
[  5]   7.00-8.00   sec   124 MBytes  1041 Mbits/sec    0   12.4 MBytes       
[  5]   8.00-9.00   sec   152 MBytes  1277 Mbits/sec    0   12.6 MBytes       
[  5]   9.00-10.00  sec   153 MBytes  1285 Mbits/sec    0   12.8 MBytes       
[  5]  10.00-11.00  sec   151 MBytes  1270 Mbits/sec    0   13.0 MBytes       
[  5]  11.00-12.00  sec   146 MBytes  1222 Mbits/sec  1484   9.23 MBytes       
[  5]  12.00-13.00  sec   118 MBytes   989 Mbits/sec    0   9.58 MBytes       
[  5]  13.00-14.00  sec   116 MBytes   975 Mbits/sec    0   9.87 MBytes       
[  5]  14.00-15.00  sec   115 MBytes   962 Mbits/sec    0   10.1 MBytes       
[  5]  15.00-16.00  sec   114 MBytes   960 Mbits/sec    0   10.3 MBytes       
[  5]  16.00-17.00  sec   112 MBytes   943 Mbits/sec    0   10.5 MBytes       
[  5]  17.00-18.00  sec   131 MBytes  1100 Mbits/sec    0   10.7 MBytes       
[  5]  18.00-19.00  sec   128 MBytes  1075 Mbits/sec    0   10.8 MBytes       
[  5]  19.00-20.00  sec   130 MBytes  1087 Mbits/sec    0   10.9 MBytes       
[  5]  20.00-21.00  sec   131 MBytes  1096 Mbits/sec    0   10.9 MBytes       
[  5]  21.00-22.00  sec   132 MBytes  1103 Mbits/sec    0   11.0 MBytes       
[  5]  22.00-23.00  sec   132 MBytes  1106 Mbits/sec    0   11.0 MBytes       
[  5]  23.00-24.00  sec   124 MBytes  1038 Mbits/sec  281   7.74 MBytes       
[  5]  24.00-25.00  sec  70.5 MBytes   591 Mbits/sec    0   8.06 MBytes       
[  5]  25.00-26.00  sec  96.1 MBytes   806 Mbits/sec    0   8.32 MBytes       
[  5]  26.00-27.00  sec   112 MBytes   937 Mbits/sec    0   8.56 MBytes       
[  5]  27.00-28.00  sec  90.0 MBytes   755 Mbits/sec    0   8.76 MBytes       
[  5]  28.00-29.00  sec   109 MBytes   913 Mbits/sec    0   8.92 MBytes       
[  5]  29.00-30.00  sec   112 MBytes   943 Mbits/sec    0   9.06 MBytes       
- - - - - - - - - - - - - - - - - - - - - - - - -
[ ID] Interval           Transfer     Bitrate         Retr
[  5]   0.00-30.00  sec  3.83 GBytes  1097 Mbits/sec  6830             sender
[  5]   0.00-30.08  sec  3.83 GBytes  1095 Mbits/sec                  receiver

iperf Done.
Connecting to host 10.1.0.4, port 5201
[  5] local 10.0.0.4 port 36024 connected to 10.1.0.4 port 5201
[ ID] Interval           Transfer     Bitrate         Retr  Cwnd
[  5]   0.00-1.00   sec  62.2 MBytes   522 Mbits/sec  2413   8.23 MBytes       (omitted)
[  5]   0.00-1.00   sec   123 MBytes  1032 Mbits/sec    0   8.75 MBytes       
[  5]   1.00-2.00   sec  93.6 MBytes   785 Mbits/sec    0   9.23 MBytes       
[  5]   2.00-3.00   sec   117 MBytes   978 Mbits/sec    0   9.65 MBytes       
[  5]   3.00-4.00   sec   115 MBytes   965 Mbits/sec    0   10.0 MBytes       
[  5]   4.00-5.00   sec   136 MBytes  1137 Mbits/sec    0   10.4 MBytes       
[  5]   5.00-6.00   sec   115 MBytes   962 Mbits/sec    0   10.6 MBytes       
[  5]   6.00-7.00   sec   129 MBytes  1085 Mbits/sec    0   10.9 MBytes       
[  5]   7.00-8.00   sec   131 MBytes  1102 Mbits/sec    0   11.1 MBytes       
[  5]   8.00-9.00   sec   134 MBytes  1122 Mbits/sec    0   11.2 MBytes       
[  5]   9.00-10.00  sec   136 MBytes  1138 Mbits/sec    0   11.4 MBytes       
[  5]  10.00-11.00  sec   137 MBytes  1151 Mbits/sec    0   11.5 MBytes       
[  5]  11.00-12.00  sec   138 MBytes  1161 Mbits/sec    0   11.6 MBytes       
[  5]  12.00-13.00  sec   139 MBytes  1168 Mbits/sec    0   11.6 MBytes       
[  5]  13.00-14.00  sec   140 MBytes  1171 Mbits/sec    0   11.7 MBytes       
[  5]  14.00-15.00  sec   137 MBytes  1151 Mbits/sec    0   11.7 MBytes       
[  5]  15.00-16.00  sec   136 MBytes  1143 Mbits/sec    0   11.7 MBytes       
[  5]  16.00-17.00  sec   156 MBytes  1309 Mbits/sec    0   11.7 MBytes       
[  5]  17.00-18.00  sec   133 MBytes  1119 Mbits/sec    0   11.7 MBytes       
[  5]  18.00-19.00  sec   137 MBytes  1149 Mbits/sec    0   11.7 MBytes       
[  5]  19.00-20.00  sec   137 MBytes  1146 Mbits/sec    0   11.7 MBytes       
[  5]  20.00-21.00  sec   162 MBytes  1356 Mbits/sec    0   11.8 MBytes       
[  5]  21.00-22.00  sec   135 MBytes  1129 Mbits/sec    0   11.8 MBytes       
[  5]  22.00-23.00  sec   135 MBytes  1131 Mbits/sec    0   11.8 MBytes       
[  5]  23.00-24.00  sec   141 MBytes  1184 Mbits/sec    0   11.8 MBytes       
[  5]  24.00-25.00  sec   138 MBytes  1158 Mbits/sec    0   11.9 MBytes       
[  5]  25.00-26.00  sec   156 MBytes  1308 Mbits/sec    0   11.9 MBytes       
[  5]  26.00-27.00  sec   136 MBytes  1144 Mbits/sec    0   12.0 MBytes       
[  5]  27.00-28.00  sec   136 MBytes  1137 Mbits/sec    0   12.2 MBytes       
[  5]  28.00-29.00  sec   158 MBytes  1329 Mbits/sec    0   12.3 MBytes       
[  5]  29.00-30.00  sec   134 MBytes  1127 Mbits/sec    0   12.5 MBytes       
- - - - - - - - - - - - - - - - - - - - - - - - -
[ ID] Interval           Transfer     Bitrate         Retr
[  5]   0.00-30.00  sec  3.96 GBytes  1133 Mbits/sec    0             sender
[  5]   0.00-30.08  sec  3.97 GBytes  1135 Mbits/sec                  receiver

iperf Done.
Connecting to host 10.1.0.4, port 5201
[  5] local 10.0.0.4 port 50984 connected to 10.1.0.4 port 5201
[ ID] Interval           Transfer     Bitrate         Retr  Cwnd
[  5]   0.00-1.00   sec  62.2 MBytes   522 Mbits/sec  2492   12.9 MBytes       (omitted)
[  5]   0.00-1.00   sec   129 MBytes  1079 Mbits/sec  2551   9.30 MBytes       
[  5]   1.00-2.00   sec   102 MBytes   860 Mbits/sec  495   6.74 MBytes       
[  5]   2.00-3.00   sec  68.1 MBytes   571 Mbits/sec    0   7.01 MBytes       
[  5]   3.00-4.00   sec  91.9 MBytes   771 Mbits/sec    0   7.24 MBytes       
[  5]   4.00-5.00   sec  87.8 MBytes   736 Mbits/sec    0   7.44 MBytes       
[  5]   5.00-6.00   sec  89.8 MBytes   753 Mbits/sec    0   7.59 MBytes       
[  5]   6.00-7.00   sec  91.5 MBytes   768 Mbits/sec    0   7.72 MBytes       
[  5]   7.00-8.00   sec  91.2 MBytes   765 Mbits/sec    0   7.82 MBytes       
[  5]   8.00-9.00   sec  94.1 MBytes   790 Mbits/sec    0   7.90 MBytes       
[  5]   9.00-10.00  sec  94.4 MBytes   792 Mbits/sec    0   7.95 MBytes       
[  5]  10.00-11.00  sec  98.2 MBytes   824 Mbits/sec    0   7.99 MBytes       
[  5]  11.00-12.00  sec  96.1 MBytes   806 Mbits/sec    0   8.02 MBytes       
[  5]  12.00-13.00  sec  96.1 MBytes   806 Mbits/sec    0   8.04 MBytes       
[  5]  13.00-14.00  sec  96.4 MBytes   808 Mbits/sec    0   8.04 MBytes       
[  5]  14.00-15.00  sec  96.4 MBytes   808 Mbits/sec    0   8.04 MBytes       
[  5]  15.00-16.00  sec  96.4 MBytes   808 Mbits/sec    0   8.04 MBytes       
[  5]  16.00-17.00  sec  96.4 MBytes   808 Mbits/sec    0   8.04 MBytes       
[  5]  17.00-18.00  sec  94.2 MBytes   791 Mbits/sec    0   8.05 MBytes       
[  5]  18.00-19.00  sec  98.1 MBytes   823 Mbits/sec    0   8.06 MBytes       
[  5]  19.00-20.00  sec  96.8 MBytes   812 Mbits/sec    0   8.09 MBytes       
[  5]  20.00-21.00  sec  96.9 MBytes   813 Mbits/sec    0   8.13 MBytes       
[  5]  21.00-22.00  sec  96.2 MBytes   807 Mbits/sec    0   8.19 MBytes       
[  5]  22.00-23.00  sec  99.6 MBytes   836 Mbits/sec    0   8.27 MBytes       
[  5]  23.00-24.00  sec  76.9 MBytes   645 Mbits/sec    0   8.37 MBytes       
[  5]  24.00-25.00  sec  93.8 MBytes   786 Mbits/sec    0   8.49 MBytes       
[  5]  25.00-26.00  sec   102 MBytes   857 Mbits/sec    0   8.65 MBytes       
[  5]  26.00-27.00  sec   104 MBytes   873 Mbits/sec    0   8.85 MBytes       
[  5]  27.00-28.00  sec   116 MBytes   970 Mbits/sec    0   9.08 MBytes       
[  5]  28.00-29.00  sec   115 MBytes   968 Mbits/sec    0   9.35 MBytes       
[  5]  29.00-30.00  sec   118 MBytes   986 Mbits/sec    0   9.66 MBytes       
- - - - - - - - - - - - - - - - - - - - - - - - -
[ ID] Interval           Transfer     Bitrate         Retr
[  5]   0.00-30.00  sec  2.86 GBytes   819 Mbits/sec  3046             sender
[  5]   0.00-30.08  sec  2.85 GBytes   814 Mbits/sec                  receiver

iperf Done.
Connecting to host 10.1.0.4, port 5201
[  5] local 10.0.0.4 port 37198 connected to 10.1.0.4 port 5201
[ ID] Interval           Transfer     Bitrate         Retr  Cwnd
[  5]   0.00-1.00   sec  62.2 MBytes   522 Mbits/sec  3479   7.95 MBytes       (omitted)
[  5]   0.00-1.00   sec   127 MBytes  1063 Mbits/sec  126   9.41 MBytes       
[  5]   1.00-2.00   sec   116 MBytes   969 Mbits/sec    0   9.93 MBytes       
[  5]   2.00-3.00   sec  84.9 MBytes   712 Mbits/sec  480   7.25 MBytes       
[  5]   3.00-4.00   sec  86.2 MBytes   724 Mbits/sec    0   7.51 MBytes       
[  5]   4.00-5.00   sec  89.1 MBytes   748 Mbits/sec    0   7.73 MBytes       
[  5]   5.00-6.00   sec  87.0 MBytes   730 Mbits/sec    0   7.93 MBytes       
[  5]   6.00-7.00   sec   108 MBytes   910 Mbits/sec    0   8.08 MBytes       
[  5]   7.00-8.00   sec  86.5 MBytes   726 Mbits/sec    0   8.21 MBytes       
[  5]   8.00-9.00   sec   109 MBytes   914 Mbits/sec    0   8.31 MBytes       
[  5]   9.00-10.00  sec  86.8 MBytes   728 Mbits/sec    0   8.39 MBytes       
[  5]  10.00-11.00  sec   109 MBytes   914 Mbits/sec    0   8.45 MBytes       
[  5]  11.00-12.00  sec   107 MBytes   900 Mbits/sec    0   8.49 MBytes       
[  5]  12.00-13.00  sec  87.0 MBytes   730 Mbits/sec   19   6.04 MBytes       
[  5]  13.00-14.00  sec  65.4 MBytes   548 Mbits/sec    0   6.29 MBytes       
[  5]  14.00-15.00  sec  86.8 MBytes   728 Mbits/sec    0   6.51 MBytes       
[  5]  15.00-16.00  sec  65.8 MBytes   552 Mbits/sec    0   6.68 MBytes       
[  5]  16.00-17.00  sec  86.6 MBytes   727 Mbits/sec    0   6.83 MBytes       
[  5]  17.00-18.00  sec  86.1 MBytes   722 Mbits/sec    0   6.94 MBytes       
[  5]  18.00-19.00  sec  86.8 MBytes   728 Mbits/sec    0   7.04 MBytes       
[  5]  19.00-20.00  sec  86.0 MBytes   721 Mbits/sec    0   7.11 MBytes       
[  5]  20.00-21.00  sec  85.8 MBytes   719 Mbits/sec    0   7.16 MBytes       
[  5]  21.00-22.00  sec  86.1 MBytes   722 Mbits/sec    0   7.19 MBytes       
[  5]  22.00-23.00  sec  81.2 MBytes   682 Mbits/sec    0   7.22 MBytes       
[  5]  23.00-24.00  sec  65.0 MBytes   545 Mbits/sec    0   7.23 MBytes       
[  5]  24.00-25.00  sec  86.8 MBytes   728 Mbits/sec    0   7.23 MBytes       
[  5]  25.00-26.00  sec  86.8 MBytes   728 Mbits/sec    0   7.23 MBytes       
[  5]  26.00-27.00  sec  86.8 MBytes   728 Mbits/sec    0   7.23 MBytes       
[  5]  27.00-28.00  sec  86.9 MBytes   729 Mbits/sec    0   7.23 MBytes       
[  5]  28.00-29.00  sec  86.8 MBytes   728 Mbits/sec    0   7.24 MBytes       
[  5]  29.00-30.00  sec  87.0 MBytes   730 Mbits/sec    0   7.26 MBytes       
- - - - - - - - - - - - - - - - - - - - - - - - -
[ ID] Interval           Transfer     Bitrate         Retr
[  5]   0.00-30.00  sec  2.63 GBytes   752 Mbits/sec  625             sender
[  5]   0.00-30.08  sec  2.64 GBytes   753 Mbits/sec                  receiver

iperf Done.
Connecting to host 10.1.0.4, port 5201
[  5] local 10.0.0.4 port 48546 connected to 10.1.0.4 port 5201
[ ID] Interval           Transfer     Bitrate         Retr  Cwnd
[  5]   0.00-1.00   sec  62.2 MBytes   522 Mbits/sec  2705   8.46 MBytes       (omitted)
[  5]   0.00-1.00   sec   123 MBytes  1032 Mbits/sec    0   8.98 MBytes       
[  5]   1.00-2.00   sec   113 MBytes   945 Mbits/sec    0   9.47 MBytes       
[  5]   2.00-3.00   sec   114 MBytes   956 Mbits/sec    0   9.90 MBytes       
[  5]   3.00-4.00   sec  94.0 MBytes   789 Mbits/sec   86   7.21 MBytes       
[  5]   4.00-5.00   sec  86.6 MBytes   727 Mbits/sec    0   7.49 MBytes       
[  5]   5.00-6.00   sec  90.4 MBytes   758 Mbits/sec   20   5.42 MBytes       
[  5]   6.00-7.00   sec  65.4 MBytes   548 Mbits/sec    0   5.66 MBytes       
[  5]   7.00-8.00   sec  65.9 MBytes   553 Mbits/sec    0   5.86 MBytes       
[  5]   8.00-9.00   sec  87.2 MBytes   732 Mbits/sec    0   6.03 MBytes       
[  5]   9.00-10.00  sec  66.0 MBytes   554 Mbits/sec    0   6.17 MBytes       
[  5]  10.00-11.00  sec  67.0 MBytes   562 Mbits/sec    0   6.28 MBytes       
[  5]  11.00-12.00  sec  87.9 MBytes   737 Mbits/sec    0   6.36 MBytes       
[  5]  12.00-13.00  sec  66.4 MBytes   557 Mbits/sec    0   6.42 MBytes       
[  5]  13.00-14.00  sec  67.5 MBytes   566 Mbits/sec    2   4.59 MBytes       
[  5]  14.00-15.00  sec  68.6 MBytes   576 Mbits/sec    0   4.79 MBytes       
[  5]  15.00-16.00  sec  44.4 MBytes   372 Mbits/sec    0   4.97 MBytes       
[  5]  16.00-17.00  sec  66.2 MBytes   556 Mbits/sec    0   5.11 MBytes       
[  5]  17.00-18.00  sec  66.0 MBytes   554 Mbits/sec    0   5.22 MBytes       
[  5]  18.00-19.00  sec  64.9 MBytes   544 Mbits/sec    0   5.31 MBytes       
[  5]  19.00-20.00  sec  64.0 MBytes   537 Mbits/sec    0   5.37 MBytes       
[  5]  20.00-21.00  sec  64.8 MBytes   543 Mbits/sec    0   5.42 MBytes       
[  5]  21.00-22.00  sec  65.1 MBytes   546 Mbits/sec    0   5.45 MBytes       
[  5]  22.00-23.00  sec  65.5 MBytes   549 Mbits/sec    0   5.47 MBytes       
[  5]  23.00-24.00  sec  65.8 MBytes   552 Mbits/sec    0   5.48 MBytes       
[  5]  24.00-25.00  sec  65.8 MBytes   552 Mbits/sec    0   5.48 MBytes       
[  5]  25.00-26.00  sec  65.9 MBytes   553 Mbits/sec    0   5.48 MBytes       
[  5]  26.00-27.00  sec  65.8 MBytes   552 Mbits/sec    0   5.48 MBytes       
[  5]  27.00-28.00  sec  65.8 MBytes   552 Mbits/sec    0   5.49 MBytes       
[  5]  28.00-29.00  sec  65.9 MBytes   553 Mbits/sec    0   5.50 MBytes       
[  5]  29.00-30.00  sec  66.1 MBytes   555 Mbits/sec    0   5.52 MBytes       
- - - - - - - - - - - - - - - - - - - - - - - - -
[ ID] Interval           Transfer     Bitrate         Retr
[  5]   0.00-30.00  sec  2.17 GBytes   622 Mbits/sec  108             sender
[  5]   0.00-30.08  sec  2.17 GBytes   619 Mbits/sec                  receiver

iperf Done.
Connecting to host 10.1.0.4, port 5201
[  5] local 10.0.0.4 port 54978 connected to 10.1.0.4 port 5201
[ ID] Interval           Transfer     Bitrate         Retr  Cwnd
[  5]   0.00-1.00   sec  62.2 MBytes   522 Mbits/sec  3178   8.66 MBytes       (omitted)
[  5]   0.00-1.00   sec   128 MBytes  1072 Mbits/sec    0   9.57 MBytes       
[  5]   1.00-2.00   sec   122 MBytes  1027 Mbits/sec    0   10.1 MBytes       
[  5]   2.00-3.00   sec   121 MBytes  1015 Mbits/sec    0   10.5 MBytes       
[  5]   3.00-4.00   sec   110 MBytes   925 Mbits/sec  758   9.17 MBytes       
[  5]   4.00-5.00   sec   115 MBytes   966 Mbits/sec  292   7.94 MBytes       
[  5]   5.00-6.00   sec  90.8 MBytes   761 Mbits/sec    0   8.22 MBytes       
[  5]   6.00-7.00   sec  89.2 MBytes   749 Mbits/sec    0   8.45 MBytes       
[  5]   7.00-8.00   sec  90.9 MBytes   762 Mbits/sec    0   8.65 MBytes       
[  5]   8.00-9.00   sec   116 MBytes   973 Mbits/sec    0   8.81 MBytes       
[  5]   9.00-10.00  sec  97.5 MBytes   818 Mbits/sec    0   8.95 MBytes       
[  5]  10.00-11.00  sec   120 MBytes  1010 Mbits/sec    0   9.06 MBytes       
[  5]  11.00-12.00  sec   115 MBytes   962 Mbits/sec    0   9.14 MBytes       
[  5]  12.00-13.00  sec  91.8 MBytes   770 Mbits/sec    0   9.20 MBytes       
[  5]  13.00-14.00  sec   114 MBytes   955 Mbits/sec    0   9.25 MBytes       
[  5]  14.00-15.00  sec   114 MBytes   959 Mbits/sec    0   9.28 MBytes       
[  5]  15.00-16.00  sec   112 MBytes   938 Mbits/sec    0   9.29 MBytes       
[  5]  16.00-17.00  sec  92.4 MBytes   775 Mbits/sec    0   9.30 MBytes       
[  5]  17.00-18.00  sec   115 MBytes   968 Mbits/sec   86   8.91 MBytes       
[  5]  18.00-19.00  sec  91.8 MBytes   770 Mbits/sec    0   6.95 MBytes       
[  5]  19.00-20.00  sec  87.5 MBytes   734 Mbits/sec    0   7.36 MBytes       
[  5]  20.00-21.00  sec  91.1 MBytes   764 Mbits/sec    0   7.71 MBytes       
[  5]  21.00-22.00  sec  89.6 MBytes   752 Mbits/sec    0   8.02 MBytes       
[  5]  22.00-23.00  sec  95.1 MBytes   798 Mbits/sec    0   8.29 MBytes       
[  5]  23.00-24.00  sec  89.1 MBytes   748 Mbits/sec    0   8.51 MBytes       
[  5]  24.00-25.00  sec   112 MBytes   935 Mbits/sec    0   8.69 MBytes       
[  5]  25.00-26.00  sec  91.9 MBytes   771 Mbits/sec    0   8.86 MBytes       
[  5]  26.00-27.00  sec  94.4 MBytes   792 Mbits/sec  680   6.43 MBytes       
[  5]  27.00-28.00  sec  67.6 MBytes   567 Mbits/sec    0   6.67 MBytes       
[  5]  28.00-29.00  sec  90.6 MBytes   760 Mbits/sec    0   6.88 MBytes       
[  5]  29.00-30.00  sec  67.8 MBytes   569 Mbits/sec    0   7.05 MBytes       
- - - - - - - - - - - - - - - - - - - - - - - - -
[ ID] Interval           Transfer     Bitrate         Retr
[  5]   0.00-30.00  sec  2.95 GBytes   845 Mbits/sec  1816             sender
[  5]   0.00-30.08  sec  2.96 GBytes   846 Mbits/sec                  receiver

iperf Done.
Connecting to host 10.1.0.4, port 5201
[  5] local 10.0.0.4 port 53880 connected to 10.1.0.4 port 5201
[ ID] Interval           Transfer     Bitrate         Retr  Cwnd
[  5]   0.00-1.00   sec  62.2 MBytes   522 Mbits/sec  2160   7.84 MBytes       (omitted)
[  5]   0.00-1.00   sec  99.9 MBytes   837 Mbits/sec    0   8.33 MBytes       
[  5]   1.00-2.00   sec   117 MBytes   978 Mbits/sec    0   8.79 MBytes       
[  5]   2.00-3.00   sec  93.2 MBytes   782 Mbits/sec    0   9.20 MBytes       
[  5]   3.00-4.00   sec   115 MBytes   966 Mbits/sec    0   9.57 MBytes       
[  5]   4.00-5.00   sec   113 MBytes   945 Mbits/sec    0   9.88 MBytes       
[  5]   5.00-6.00   sec   136 MBytes  1141 Mbits/sec    0   10.2 MBytes       
[  5]   6.00-7.00   sec   114 MBytes   955 Mbits/sec    0   10.4 MBytes       
[  5]   7.00-8.00   sec   138 MBytes  1161 Mbits/sec    0   10.6 MBytes       
[  5]   8.00-9.00   sec   128 MBytes  1074 Mbits/sec    0   10.7 MBytes       
[  5]   9.00-10.00  sec   130 MBytes  1087 Mbits/sec    0   10.9 MBytes       
[  5]  10.00-11.00  sec   131 MBytes  1099 Mbits/sec    0   11.0 MBytes       
[  5]  11.00-12.00  sec   132 MBytes  1107 Mbits/sec    0   11.0 MBytes       
[  5]  12.00-13.00  sec   116 MBytes   973 Mbits/sec  1839   7.81 MBytes       
[  5]  13.00-14.00  sec  95.1 MBytes   798 Mbits/sec    0   8.12 MBytes       
[  5]  14.00-15.00  sec  97.5 MBytes   818 Mbits/sec    0   8.39 MBytes       
[  5]  15.00-16.00  sec  92.4 MBytes   775 Mbits/sec    0   8.62 MBytes       
[  5]  16.00-17.00  sec   115 MBytes   965 Mbits/sec    0   8.82 MBytes       
[  5]  17.00-18.00  sec   107 MBytes   899 Mbits/sec    0   8.97 MBytes       
[  5]  18.00-19.00  sec  90.2 MBytes   757 Mbits/sec    0   9.10 MBytes       
[  5]  19.00-20.00  sec   114 MBytes   956 Mbits/sec    0   9.20 MBytes       
[  5]  20.00-21.00  sec   115 MBytes   964 Mbits/sec    0   9.28 MBytes       
[  5]  21.00-22.00  sec   115 MBytes   963 Mbits/sec    0   9.34 MBytes       
[  5]  22.00-23.00  sec  94.5 MBytes   793 Mbits/sec    0   9.38 MBytes       
[  5]  23.00-24.00  sec   117 MBytes   979 Mbits/sec    0   9.41 MBytes       
[  5]  24.00-25.00  sec   115 MBytes   965 Mbits/sec    0   9.42 MBytes       
[  5]  25.00-26.00  sec   118 MBytes   987 Mbits/sec    0   9.43 MBytes       
[  5]  26.00-27.00  sec   118 MBytes   988 Mbits/sec    0   9.43 MBytes       
[  5]  27.00-28.00  sec   114 MBytes   952 Mbits/sec    0   9.43 MBytes       
[  5]  28.00-29.00  sec   113 MBytes   949 Mbits/sec    0   9.43 MBytes       
[  5]  29.00-30.00  sec   109 MBytes   917 Mbits/sec    0   9.44 MBytes       
- - - - - - - - - - - - - - - - - - - - - - - - -
[ ID] Interval           Transfer     Bitrate         Retr
[  5]   0.00-30.00  sec  3.33 GBytes   953 Mbits/sec  1839             sender
[  5]   0.00-30.08  sec  3.33 GBytes   951 Mbits/sec                  receiver

iperf Done.
Connecting to host 10.1.0.4, port 5201
[  5] local 10.0.0.4 port 60104 connected to 10.1.0.4 port 5201
[ ID] Interval           Transfer     Bitrate         Retr  Cwnd
[  5]   0.00-1.00   sec  62.2 MBytes   522 Mbits/sec  2913   8.51 MBytes       (omitted)
[  5]   0.00-1.00   sec   120 MBytes  1002 Mbits/sec    0   9.20 MBytes       
[  5]   1.00-2.00   sec   115 MBytes   963 Mbits/sec    0   9.70 MBytes       
[  5]   2.00-3.00   sec   113 MBytes   945 Mbits/sec    0   10.1 MBytes       
[  5]   3.00-4.00   sec   137 MBytes  1149 Mbits/sec    0   10.5 MBytes       
[  5]   4.00-5.00   sec   129 MBytes  1081 Mbits/sec    0   10.9 MBytes       
[  5]   5.00-6.00   sec   132 MBytes  1109 Mbits/sec    0   11.2 MBytes       
[  5]   6.00-7.00   sec   135 MBytes  1136 Mbits/sec    0   11.4 MBytes       
[  5]   7.00-8.00   sec   138 MBytes  1160 Mbits/sec    0   11.6 MBytes       
[  5]   8.00-9.00   sec   138 MBytes  1155 Mbits/sec    0   11.8 MBytes       
[  5]   9.00-10.00  sec   144 MBytes  1204 Mbits/sec    0   12.0 MBytes       
[  5]  10.00-11.00  sec   146 MBytes  1221 Mbits/sec    0   12.1 MBytes       
[  5]  11.00-12.00  sec   142 MBytes  1190 Mbits/sec    0   12.2 MBytes       
[  5]  12.00-13.00  sec   138 MBytes  1162 Mbits/sec    0   12.3 MBytes       
[  5]  13.00-14.00  sec   142 MBytes  1194 Mbits/sec    0   12.3 MBytes       
[  5]  14.00-15.00  sec   145 MBytes  1215 Mbits/sec    0   12.3 MBytes       
[  5]  15.00-16.00  sec   166 MBytes  1393 Mbits/sec    0   12.4 MBytes       
[  5]  16.00-17.00  sec   144 MBytes  1204 Mbits/sec    0   12.4 MBytes       
[  5]  17.00-18.00  sec   139 MBytes  1169 Mbits/sec    0   12.4 MBytes       
[  5]  18.00-19.00  sec   142 MBytes  1190 Mbits/sec    0   12.4 MBytes       
[  5]  19.00-20.00  sec   149 MBytes  1251 Mbits/sec    0   12.4 MBytes       
[  5]  20.00-21.00  sec   144 MBytes  1208 Mbits/sec    0   12.4 MBytes       
[  5]  21.00-22.00  sec   139 MBytes  1165 Mbits/sec    0   12.4 MBytes       
[  5]  22.00-23.00  sec   162 MBytes  1360 Mbits/sec    0   12.4 MBytes       
[  5]  23.00-24.00  sec   142 MBytes  1187 Mbits/sec    0   12.4 MBytes       
[  5]  24.00-25.00  sec   138 MBytes  1156 Mbits/sec    0   12.5 MBytes       
[  5]  25.00-26.00  sec   160 MBytes  1340 Mbits/sec    0   12.5 MBytes       
[  5]  26.00-27.00  sec   159 MBytes  1332 Mbits/sec    0   12.6 MBytes       
[  5]  27.00-28.00  sec   114 MBytes   961 Mbits/sec   82   9.35 MBytes       
[  5]  28.00-29.00  sec   111 MBytes   934 Mbits/sec    0   9.86 MBytes       
[  5]  29.00-30.00  sec   110 MBytes   926 Mbits/sec    0   10.3 MBytes       
- - - - - - - - - - - - - - - - - - - - - - - - -
[ ID] Interval           Transfer     Bitrate         Retr
[  5]   0.00-30.00  sec  4.04 GBytes  1157 Mbits/sec   82             sender
[  5]   0.00-30.08  sec  4.06 GBytes  1158 Mbits/sec                  receiver

iperf Done.
Connecting to host 10.1.0.4, port 5201
[  5] local 10.0.0.4 port 47896 connected to 10.1.0.4 port 5201
[ ID] Interval           Transfer     Bitrate         Retr  Cwnd
[  5]   0.00-1.00   sec  62.2 MBytes   522 Mbits/sec  2515   12.8 MBytes       (omitted)
[  5]   0.00-1.00   sec   123 MBytes  1033 Mbits/sec  2623   9.25 MBytes       
[  5]   1.00-2.00   sec   119 MBytes   995 Mbits/sec    0   9.57 MBytes       
[  5]   2.00-3.00   sec   121 MBytes  1018 Mbits/sec    0   9.85 MBytes       
[  5]   3.00-4.00   sec   119 MBytes  1000 Mbits/sec    0   10.1 MBytes       
[  5]   4.00-5.00   sec   122 MBytes  1024 Mbits/sec    0   10.3 MBytes       
[  5]   5.00-6.00   sec   120 MBytes  1009 Mbits/sec    0   10.5 MBytes       
[  5]   6.00-7.00   sec   139 MBytes  1168 Mbits/sec    0   10.6 MBytes       
[  5]   7.00-8.00   sec   129 MBytes  1083 Mbits/sec    0   10.7 MBytes       
[  5]   8.00-9.00   sec  92.6 MBytes   777 Mbits/sec  1511   7.75 MBytes       
[  5]   9.00-10.00  sec  93.1 MBytes   781 Mbits/sec    0   8.03 MBytes       
[  5]  10.00-11.00  sec  90.2 MBytes   757 Mbits/sec    0   8.26 MBytes       
[  5]  11.00-12.00  sec  92.9 MBytes   779 Mbits/sec    0   8.46 MBytes       
[  5]  12.00-13.00  sec   115 MBytes   966 Mbits/sec    0   8.62 MBytes       
[  5]  13.00-14.00  sec  86.1 MBytes   722 Mbits/sec    0   8.76 MBytes       
[  5]  14.00-15.00  sec   111 MBytes   933 Mbits/sec    0   8.87 MBytes       
[  5]  15.00-16.00  sec   113 MBytes   947 Mbits/sec    0   8.95 MBytes       
[  5]  16.00-17.00  sec   114 MBytes   953 Mbits/sec    0   9.01 MBytes       
[  5]  17.00-18.00  sec  91.5 MBytes   768 Mbits/sec    0   9.05 MBytes       
[  5]  18.00-19.00  sec   112 MBytes   942 Mbits/sec    0   9.08 MBytes       
[  5]  19.00-20.00  sec   116 MBytes   970 Mbits/sec    0   9.09 MBytes       
[  5]  20.00-21.00  sec   113 MBytes   950 Mbits/sec    0   9.10 MBytes       
[  5]  21.00-22.00  sec   114 MBytes   958 Mbits/sec    0   9.10 MBytes       
[  5]  22.00-23.00  sec  91.0 MBytes   763 Mbits/sec    0   9.10 MBytes       
[  5]  23.00-24.00  sec   114 MBytes   954 Mbits/sec    0   9.10 MBytes       
[  5]  24.00-25.00  sec   114 MBytes   953 Mbits/sec    0   9.11 MBytes       
[  5]  25.00-26.00  sec   114 MBytes   960 Mbits/sec    0   9.12 MBytes       
[  5]  26.00-27.00  sec  94.2 MBytes   791 Mbits/sec    0   9.15 MBytes       
[  5]  27.00-28.00  sec  92.6 MBytes   777 Mbits/sec  1207   6.57 MBytes       
[  5]  28.00-29.00  sec  91.2 MBytes   765 Mbits/sec    0   7.00 MBytes       
[  5]  29.00-30.00  sec  88.2 MBytes   741 Mbits/sec    0   7.38 MBytes       
- - - - - - - - - - - - - - - - - - - - - - - - -
[ ID] Interval           Transfer     Bitrate         Retr
[  5]   0.00-30.00  sec  3.17 GBytes   908 Mbits/sec  5341             sender
[  5]   0.00-30.08  sec  3.16 GBytes   903 Mbits/sec                  receiver

iperf Done.
Connecting to host 10.1.0.4, port 5201
[  5] local 10.0.0.4 port 34772 connected to 10.1.0.4 port 5201
[ ID] Interval           Transfer     Bitrate         Retr  Cwnd
[  5]   0.00-1.00   sec  62.2 MBytes   522 Mbits/sec  2494   8.24 MBytes       (omitted)
[  5]   0.00-1.00   sec   123 MBytes  1031 Mbits/sec    0   8.75 MBytes       
[  5]   1.00-2.00   sec  94.5 MBytes   793 Mbits/sec    0   9.23 MBytes       
[  5]   2.00-3.00   sec   115 MBytes   965 Mbits/sec    0   9.66 MBytes       
[  5]   3.00-4.00   sec   112 MBytes   942 Mbits/sec    0   10.0 MBytes       
[  5]   4.00-5.00   sec   136 MBytes  1143 Mbits/sec    0   10.4 MBytes       
[  5]   5.00-6.00   sec   112 MBytes   944 Mbits/sec    0   10.6 MBytes       
[  5]   6.00-7.00   sec  95.2 MBytes   799 Mbits/sec  1271   7.70 MBytes       
[  5]   7.00-8.00   sec  94.1 MBytes   790 Mbits/sec    0   7.98 MBytes       
[  5]   8.00-9.00   sec  93.0 MBytes   780 Mbits/sec    0   8.23 MBytes       
[  5]   9.00-10.00  sec   113 MBytes   948 Mbits/sec    0   8.43 MBytes       
[  5]  10.00-11.00  sec  89.5 MBytes   751 Mbits/sec    0   8.60 MBytes       
[  5]  11.00-12.00  sec   108 MBytes   903 Mbits/sec    0   8.75 MBytes       
[  5]  12.00-13.00  sec  87.6 MBytes   735 Mbits/sec    0   8.86 MBytes       
[  5]  13.00-14.00  sec   111 MBytes   929 Mbits/sec    0   8.95 MBytes       
[  5]  14.00-15.00  sec   110 MBytes   923 Mbits/sec    0   9.01 MBytes       
[  5]  15.00-16.00  sec   108 MBytes   910 Mbits/sec    0   9.06 MBytes       
[  5]  16.00-17.00  sec   108 MBytes   907 Mbits/sec    0   9.09 MBytes       
[  5]  17.00-18.00  sec   108 MBytes   910 Mbits/sec    0   9.11 MBytes       
[  5]  18.00-19.00  sec   109 MBytes   918 Mbits/sec    0   9.12 MBytes       
[  5]  19.00-20.00  sec   110 MBytes   921 Mbits/sec    0   9.12 MBytes       
[  5]  20.00-21.00  sec   110 MBytes   919 Mbits/sec    0   9.12 MBytes       
[  5]  21.00-22.00  sec   109 MBytes   911 Mbits/sec    0   9.12 MBytes       
[  5]  22.00-23.00  sec   109 MBytes   915 Mbits/sec    0   9.13 MBytes       
[  5]  23.00-24.00  sec   110 MBytes   919 Mbits/sec    0   9.14 MBytes       
[  5]  24.00-25.00  sec   109 MBytes   913 Mbits/sec    0   9.16 MBytes       
[  5]  25.00-26.00  sec   110 MBytes   919 Mbits/sec    0   9.19 MBytes       
[  5]  26.00-27.00  sec   107 MBytes   898 Mbits/sec    0   9.24 MBytes       
[  5]  27.00-28.00  sec   108 MBytes   906 Mbits/sec    0   9.31 MBytes       
[  5]  28.00-29.00  sec   109 MBytes   911 Mbits/sec    0   9.40 MBytes       
[  5]  29.00-30.00  sec   108 MBytes   909 Mbits/sec    0   9.52 MBytes       
- - - - - - - - - - - - - - - - - - - - - - - - -
[ ID] Interval           Transfer     Bitrate         Retr
[  5]   0.00-30.00  sec  3.15 GBytes   902 Mbits/sec  1271             sender
[  5]   0.00-30.08  sec  3.16 GBytes   904 Mbits/sec                  receiver

iperf Done.
Connecting to host 10.1.0.4, port 5201
[  5] local 10.0.0.4 port 46878 connected to 10.1.0.4 port 5201
[ ID] Interval           Transfer     Bitrate         Retr  Cwnd
[  5]   0.00-1.00   sec  62.2 MBytes   522 Mbits/sec  2468   8.33 MBytes       (omitted)
[  5]   0.00-1.00   sec  98.6 MBytes   826 Mbits/sec    4   4.29 MBytes       
[  5]   1.00-2.00   sec  44.6 MBytes   374 Mbits/sec    0   4.49 MBytes       
[  5]   2.00-3.00   sec  66.5 MBytes   558 Mbits/sec    5   2.28 MBytes       
[  5]   3.00-4.00   sec  21.1 MBytes   177 Mbits/sec    0   2.42 MBytes       
[  5]   4.00-5.00   sec  21.9 MBytes   183 Mbits/sec    0   2.52 MBytes       
[  5]   5.00-6.00   sec  22.2 MBytes   187 Mbits/sec    0   2.60 MBytes       
[  5]   6.00-7.00   sec  44.5 MBytes   373 Mbits/sec    0   2.67 MBytes       
[  5]   7.00-8.00   sec  21.4 MBytes   179 Mbits/sec    0   2.71 MBytes       
[  5]   8.00-9.00   sec  43.4 MBytes   364 Mbits/sec    0   2.74 MBytes       
[  5]   9.00-10.00  sec  21.9 MBytes   184 Mbits/sec    0   2.76 MBytes       
[  5]  10.00-11.00  sec  44.1 MBytes   370 Mbits/sec    0   2.76 MBytes       
[  5]  11.00-12.00  sec  22.1 MBytes   186 Mbits/sec    0   2.77 MBytes       
[  5]  12.00-13.00  sec  44.2 MBytes   371 Mbits/sec    0   2.77 MBytes       
[  5]  13.00-14.00  sec  22.1 MBytes   186 Mbits/sec    0   2.77 MBytes       
[  5]  14.00-15.00  sec  44.2 MBytes   371 Mbits/sec    0   2.77 MBytes       
[  5]  15.00-16.00  sec  22.2 MBytes   187 Mbits/sec    0   2.79 MBytes       
[  5]  16.00-17.00  sec  44.6 MBytes   374 Mbits/sec    0   2.80 MBytes       
[  5]  17.00-18.00  sec  22.4 MBytes   188 Mbits/sec    0   2.84 MBytes       
[  5]  18.00-19.00  sec  45.6 MBytes   383 Mbits/sec    0   2.90 MBytes       
[  5]  19.00-20.00  sec  23.4 MBytes   196 Mbits/sec    0   2.97 MBytes       
[  5]  20.00-21.00  sec  44.9 MBytes   376 Mbits/sec    0   3.07 MBytes       
[  5]  21.00-22.00  sec  21.5 MBytes   180 Mbits/sec    0   3.19 MBytes       
[  5]  22.00-23.00  sec  43.6 MBytes   366 Mbits/sec    0   3.34 MBytes       
[  5]  23.00-24.00  sec  44.2 MBytes   371 Mbits/sec    0   3.52 MBytes       
[  5]  24.00-25.00  sec  43.4 MBytes   364 Mbits/sec    0   3.75 MBytes       
[  5]  25.00-26.00  sec  43.8 MBytes   367 Mbits/sec    0   4.01 MBytes       
[  5]  26.00-27.00  sec  44.9 MBytes   376 Mbits/sec    0   4.32 MBytes       
[  5]  27.00-28.00  sec  67.6 MBytes   567 Mbits/sec    0   4.64 MBytes       
[  5]  28.00-29.00  sec  45.5 MBytes   382 Mbits/sec    0   5.04 MBytes       
[  5]  29.00-30.00  sec  68.6 MBytes   576 Mbits/sec    0   5.50 MBytes       
- - - - - - - - - - - - - - - - - - - - - - - - -
[ ID] Interval           Transfer     Bitrate         Retr
[  5]   0.00-30.00  sec  1.18 GBytes   338 Mbits/sec    9             sender
[  5]   0.00-30.08  sec  1.18 GBytes   337 Mbits/sec                  receiver

iperf Done.
Connecting to host 10.1.0.4, port 5201
[  5] local 10.0.0.4 port 36566 connected to 10.1.0.4 port 5201
[ ID] Interval           Transfer     Bitrate         Retr  Cwnd
[  5]   0.00-1.00   sec  62.2 MBytes   522 Mbits/sec  2477   8.63 MBytes       (omitted)
[  5]   0.00-1.00   sec   120 MBytes  1003 Mbits/sec    0   9.16 MBytes       
[  5]   1.00-2.00   sec   116 MBytes   971 Mbits/sec    0   9.66 MBytes       
[  5]   2.00-3.00   sec   113 MBytes   951 Mbits/sec    0   10.1 MBytes       
[  5]   3.00-4.00   sec   134 MBytes  1127 Mbits/sec    0   10.5 MBytes       
[  5]   4.00-5.00   sec   109 MBytes   914 Mbits/sec    0   10.8 MBytes       
[  5]   5.00-6.00   sec   131 MBytes  1098 Mbits/sec    0   11.1 MBytes       
[  5]   6.00-7.00   sec   134 MBytes  1121 Mbits/sec    0   11.4 MBytes       
[  5]   7.00-8.00   sec   158 MBytes  1330 Mbits/sec    0   11.6 MBytes       
[  5]   8.00-9.00   sec   140 MBytes  1175 Mbits/sec    0   11.8 MBytes       
[  5]   9.00-10.00  sec   142 MBytes  1192 Mbits/sec    0   11.9 MBytes       
[  5]  10.00-11.00  sec   143 MBytes  1203 Mbits/sec    0   12.0 MBytes       
[  5]  11.00-12.00  sec   143 MBytes  1196 Mbits/sec    0   12.1 MBytes       
[  5]  12.00-13.00  sec   136 MBytes  1137 Mbits/sec    0   12.2 MBytes       
[  5]  13.00-14.00  sec   155 MBytes  1300 Mbits/sec    0   12.3 MBytes       
[  5]  14.00-15.00  sec   133 MBytes  1118 Mbits/sec    0   12.3 MBytes       
[  5]  15.00-16.00  sec   157 MBytes  1319 Mbits/sec    0   12.3 MBytes       
[  5]  16.00-17.00  sec   156 MBytes  1304 Mbits/sec    0   12.3 MBytes       
[  5]  17.00-18.00  sec   136 MBytes  1143 Mbits/sec    0   12.3 MBytes       
[  5]  18.00-19.00  sec   159 MBytes  1331 Mbits/sec    0   12.3 MBytes       
[  5]  19.00-20.00  sec   133 MBytes  1116 Mbits/sec    0   12.3 MBytes       
[  5]  20.00-21.00  sec   156 MBytes  1305 Mbits/sec    0   12.3 MBytes       
[  5]  21.00-22.00  sec   154 MBytes  1295 Mbits/sec    0   12.3 MBytes       
[  5]  22.00-23.00  sec   133 MBytes  1117 Mbits/sec    0   12.4 MBytes       
[  5]  23.00-24.00  sec   155 MBytes  1302 Mbits/sec    0   12.4 MBytes       
[  5]  24.00-25.00  sec   157 MBytes  1314 Mbits/sec    0   12.4 MBytes       
[  5]  25.00-26.00  sec   134 MBytes  1123 Mbits/sec    0   12.5 MBytes       
[  5]  26.00-27.00  sec   153 MBytes  1280 Mbits/sec    0   12.6 MBytes       
[  5]  27.00-28.00  sec   155 MBytes  1302 Mbits/sec    0   12.7 MBytes       
[  5]  28.00-29.00  sec   155 MBytes  1298 Mbits/sec    0   12.8 MBytes       
[  5]  29.00-30.00  sec   159 MBytes  1335 Mbits/sec    0   13.0 MBytes       
- - - - - - - - - - - - - - - - - - - - - - - - -
[ ID] Interval           Transfer     Bitrate         Retr
[  5]   0.00-30.00  sec  4.16 GBytes  1191 Mbits/sec    0             sender
[  5]   0.00-30.08  sec  4.17 GBytes  1189 Mbits/sec                  receiver

iperf Done.
Connecting to host 10.1.0.4, port 5201
[  5] local 10.0.0.4 port 37386 connected to 10.1.0.4 port 5201
[ ID] Interval           Transfer     Bitrate         Retr  Cwnd
[  5]   0.00-1.00   sec  62.2 MBytes   522 Mbits/sec  2821   8.51 MBytes       (omitted)
[  5]   0.00-1.00   sec   124 MBytes  1037 Mbits/sec    0   9.13 MBytes       
[  5]   1.00-2.00   sec   115 MBytes   964 Mbits/sec    0   9.63 MBytes       
[  5]   2.00-3.00   sec   114 MBytes   958 Mbits/sec    0   10.1 MBytes       
[  5]   3.00-4.00   sec   117 MBytes   980 Mbits/sec    0   10.5 MBytes       
[  5]   4.00-5.00   sec   137 MBytes  1149 Mbits/sec    0   10.8 MBytes       
[  5]   5.00-6.00   sec   133 MBytes  1119 Mbits/sec    0   11.1 MBytes       
[  5]   6.00-7.00   sec   135 MBytes  1129 Mbits/sec    0   11.3 MBytes       
[  5]   7.00-8.00   sec   137 MBytes  1150 Mbits/sec    0   11.6 MBytes       
[  5]   8.00-9.00   sec   140 MBytes  1174 Mbits/sec    0   11.7 MBytes       
[  5]   9.00-10.00  sec   141 MBytes  1184 Mbits/sec    0   11.9 MBytes       
[  5]  10.00-11.00  sec   142 MBytes  1194 Mbits/sec    0   12.0 MBytes       
[  5]  11.00-12.00  sec   138 MBytes  1160 Mbits/sec    0   12.1 MBytes       
[  5]  12.00-13.00  sec   139 MBytes  1168 Mbits/sec    0   12.2 MBytes       
[  5]  13.00-14.00  sec   158 MBytes  1324 Mbits/sec    0   12.2 MBytes       
[  5]  14.00-15.00  sec   120 MBytes  1009 Mbits/sec   37   8.70 MBytes       
[  5]  15.00-16.00  sec   110 MBytes   924 Mbits/sec    0   9.02 MBytes       
[  5]  16.00-17.00  sec   111 MBytes   929 Mbits/sec    0   9.30 MBytes       
[  5]  17.00-18.00  sec   111 MBytes   929 Mbits/sec    0   9.54 MBytes       
[  5]  18.00-19.00  sec   110 MBytes   921 Mbits/sec    0   9.74 MBytes       
[  5]  19.00-20.00  sec   132 MBytes  1108 Mbits/sec    0   9.91 MBytes       
[  5]  20.00-21.00  sec   111 MBytes   931 Mbits/sec    0   10.0 MBytes       
[  5]  21.00-22.00  sec   111 MBytes   930 Mbits/sec    0   10.2 MBytes       
[  5]  22.00-23.00  sec   132 MBytes  1107 Mbits/sec    0   10.2 MBytes       
[  5]  23.00-24.00  sec   132 MBytes  1104 Mbits/sec    0   10.3 MBytes       
[  5]  24.00-25.00  sec   109 MBytes   913 Mbits/sec    0   10.3 MBytes       
[  5]  25.00-26.00  sec   133 MBytes  1119 Mbits/sec    0   10.4 MBytes       
[  5]  26.00-27.00  sec   132 MBytes  1103 Mbits/sec    0   10.4 MBytes       
[  5]  27.00-28.00  sec   110 MBytes   925 Mbits/sec    0   10.4 MBytes       
[  5]  28.00-29.00  sec   133 MBytes  1114 Mbits/sec    0   10.4 MBytes       
[  5]  29.00-30.00  sec   111 MBytes   929 Mbits/sec    0   10.4 MBytes       
- - - - - - - - - - - - - - - - - - - - - - - - -
[ ID] Interval           Transfer     Bitrate         Retr
[  5]   0.00-30.00  sec  3.69 GBytes  1056 Mbits/sec   37             sender
[  5]   0.00-30.08  sec  3.71 GBytes  1058 Mbits/sec                  receiver

iperf Done.
Connecting to host 10.1.0.4, port 5201
[  5] local 10.0.0.4 port 50230 connected to 10.1.0.4 port 5201
[ ID] Interval           Transfer     Bitrate         Retr  Cwnd
[  5]   0.00-1.00   sec  62.2 MBytes   522 Mbits/sec  2369   8.09 MBytes       (omitted)
[  5]   0.00-1.00   sec   120 MBytes  1001 Mbits/sec    0   8.61 MBytes       
[  5]   1.00-2.00   sec  89.4 MBytes   750 Mbits/sec    0   9.08 MBytes       
[  5]   2.00-3.00   sec   115 MBytes   964 Mbits/sec    0   9.50 MBytes       
[  5]   3.00-4.00   sec   116 MBytes   971 Mbits/sec    0   9.87 MBytes       
[  5]   4.00-5.00   sec   114 MBytes   953 Mbits/sec    0   10.2 MBytes       
[  5]   5.00-6.00   sec   133 MBytes  1119 Mbits/sec    0   10.5 MBytes       
[  5]   6.00-7.00   sec   132 MBytes  1111 Mbits/sec    0   10.7 MBytes       
[  5]   7.00-8.00   sec   129 MBytes  1085 Mbits/sec    0   10.9 MBytes       
[  5]   8.00-9.00   sec   131 MBytes  1102 Mbits/sec    0   11.1 MBytes       
[  5]   9.00-10.00  sec   132 MBytes  1109 Mbits/sec    0   11.2 MBytes       
[  5]  10.00-11.00  sec   135 MBytes  1130 Mbits/sec    0   11.3 MBytes       
[  5]  11.00-12.00  sec   135 MBytes  1136 Mbits/sec    0   11.4 MBytes       
[  5]  12.00-13.00  sec   137 MBytes  1152 Mbits/sec    0   11.5 MBytes       
[  5]  13.00-14.00  sec   136 MBytes  1141 Mbits/sec    0   11.5 MBytes       
[  5]  14.00-15.00  sec   138 MBytes  1158 Mbits/sec    0   11.5 MBytes       
[  5]  15.00-16.00  sec   140 MBytes  1170 Mbits/sec    0   11.5 MBytes       
[  5]  16.00-17.00  sec   138 MBytes  1154 Mbits/sec    0   11.6 MBytes       
[  5]  17.00-18.00  sec   138 MBytes  1162 Mbits/sec    0   11.6 MBytes       
[  5]  18.00-19.00  sec   137 MBytes  1149 Mbits/sec    0   11.6 MBytes       
[  5]  19.00-20.00  sec   141 MBytes  1182 Mbits/sec    0   11.6 MBytes       
[  5]  20.00-21.00  sec   139 MBytes  1167 Mbits/sec    0   11.6 MBytes       
[  5]  21.00-22.00  sec   138 MBytes  1162 Mbits/sec    0   11.6 MBytes       
[  5]  22.00-23.00  sec   139 MBytes  1165 Mbits/sec    0   11.6 MBytes       
[  5]  23.00-24.00  sec   134 MBytes  1127 Mbits/sec    0   11.6 MBytes       
[  5]  24.00-25.00  sec   135 MBytes  1131 Mbits/sec    0   11.7 MBytes       
[  5]  25.00-26.00  sec   134 MBytes  1120 Mbits/sec    0   11.8 MBytes       
[  5]  26.00-27.00  sec   141 MBytes  1181 Mbits/sec    0   11.9 MBytes       
[  5]  27.00-28.00  sec   156 MBytes  1309 Mbits/sec    0   12.0 MBytes       
[  5]  28.00-29.00  sec   144 MBytes  1207 Mbits/sec    0   12.1 MBytes       
[  5]  29.00-30.00  sec   137 MBytes  1149 Mbits/sec    0   12.3 MBytes       
- - - - - - - - - - - - - - - - - - - - - - - - -
[ ID] Interval           Transfer     Bitrate         Retr
[  5]   0.00-30.00  sec  3.89 GBytes  1114 Mbits/sec    0             sender
[  5]   0.00-30.08  sec  3.90 GBytes  1114 Mbits/sec                  receiver

iperf Done.
